[rosmaster.main][INFO] 2018-02-26 11:08:58,947: initialization complete, waiting for shutdown
[rosmaster.main][INFO] 2018-02-26 11:08:58,947: Starting ROS Master Node
[xmlrpc][INFO] 2018-02-26 11:08:58,948: XML-RPC server binding to 0.0.0.0:11311
[xmlrpc][INFO] 2018-02-26 11:08:58,949: Started XML-RPC server [http://tygrys.robotyka.ia.pw.edu.pl:11311/]
[rosmaster.master][INFO] 2018-02-26 11:08:58,949: Master initialized: port[11311], uri[http://tygrys.robotyka.ia.pw.edu.pl:11311/]
[xmlrpc][INFO] 2018-02-26 11:08:58,950: xml rpc node: starting XML-RPC server
[rosmaster.master][INFO] 2018-02-26 11:08:59,036: +PARAM [/run_id] by /roslaunch
[rosmaster.master][INFO] 2018-02-26 11:08:59,038: +PARAM [/roslaunch/uris/host_tygrys_robotyka_ia_pw_edu_pl__33502] by /roslaunch
[rosmaster.master][INFO] 2018-02-26 11:08:59,119: +PARAM [/rosversion] by /roslaunch
[rosmaster.master][INFO] 2018-02-26 11:08:59,120: +PARAM [/rosdistro] by /roslaunch
[rosmaster.master][INFO] 2018-02-26 11:08:59,316: +SERVICE [/rosout/get_loggers] /rosout http://tygrys.robotyka.ia.pw.edu.pl:44927/
[rosmaster.master][INFO] 2018-02-26 11:08:59,318: +SERVICE [/rosout/set_logger_level] /rosout http://tygrys.robotyka.ia.pw.edu.pl:44927/
[rosmaster.master][INFO] 2018-02-26 11:08:59,321: +PUB [/rosout_agg] /rosout http://tygrys.robotyka.ia.pw.edu.pl:44927/
[rosmaster.master][INFO] 2018-02-26 11:08:59,326: +SUB [/rosout] /rosout http://tygrys.robotyka.ia.pw.edu.pl:44927/
[rosmaster.master][INFO] 2018-02-26 11:14:30,416: +PUB [/rosout] /talker http://tygrys.robotyka.ia.pw.edu.pl:33057/
[rosmaster.master][INFO] 2018-02-26 11:14:30,417: +SERVICE [/talker/get_loggers] /talker http://tygrys.robotyka.ia.pw.edu.pl:33057/
[rosmaster.master][INFO] 2018-02-26 11:14:30,418: +SERVICE [/talker/set_logger_level] /talker http://tygrys.robotyka.ia.pw.edu.pl:33057/
[rosmaster.master][INFO] 2018-02-26 11:14:30,420: +PUB [/turtle1/cmd_vel] /talker http://tygrys.robotyka.ia.pw.edu.pl:33057/
[rosmaster.master][INFO] 2018-02-26 11:14:30,461: publisherUpdate[/rosout] -> http://tygrys.robotyka.ia.pw.edu.pl:44927/ ['http://tygrys.robotyka.ia.pw.edu.pl:33057/']
[rosmaster.master][INFO] 2018-02-26 11:14:30,464: publisherUpdate[/rosout] -> http://tygrys.robotyka.ia.pw.edu.pl:44927/ ['http://tygrys.robotyka.ia.pw.edu.pl:33057/']: sec=0.00, result=[1, '', 0]
[rosmaster.master][INFO] 2018-02-26 11:15:50,403: +PUB [/rosout] /turtlesim http://tygrys.robotyka.ia.pw.edu.pl:39695/
[rosmaster.master][INFO] 2018-02-26 11:15:50,404: +SERVICE [/turtlesim/get_loggers] /turtlesim http://tygrys.robotyka.ia.pw.edu.pl:39695/
[rosmaster.master][INFO] 2018-02-26 11:15:50,405: +SERVICE [/turtlesim/set_logger_level] /turtlesim http://tygrys.robotyka.ia.pw.edu.pl:39695/
[rosmaster.master][INFO] 2018-02-26 11:15:50,414: +PARAM [/background_r] by /turtlesim
[rosmaster.master][INFO] 2018-02-26 11:15:50,415: +PARAM [/background_g] by /turtlesim
[rosmaster.master][INFO] 2018-02-26 11:15:50,416: +PARAM [/background_b] by /turtlesim
[rosmaster.master][INFO] 2018-02-26 11:15:50,495: publisherUpdate[/rosout] -> http://tygrys.robotyka.ia.pw.edu.pl:44927/ ['http://tygrys.robotyka.ia.pw.edu.pl:33057/', 'http://tygrys.robotyka.ia.pw.edu.pl:39695/']
[rosmaster.master][INFO] 2018-02-26 11:15:50,497: publisherUpdate[/rosout] -> http://tygrys.robotyka.ia.pw.edu.pl:44927/ ['http://tygrys.robotyka.ia.pw.edu.pl:33057/', 'http://tygrys.robotyka.ia.pw.edu.pl:39695/']: sec=0.00, result=[1, '', 0]
[rosmaster.master][INFO] 2018-02-26 11:15:50,505: +SERVICE [/clear] /turtlesim http://tygrys.robotyka.ia.pw.edu.pl:39695/
[rosmaster.master][INFO] 2018-02-26 11:15:50,506: +SERVICE [/reset] /turtlesim http://tygrys.robotyka.ia.pw.edu.pl:39695/
[rosmaster.master][INFO] 2018-02-26 11:15:50,507: +SERVICE [/spawn] /turtlesim http://tygrys.robotyka.ia.pw.edu.pl:39695/
[rosmaster.master][INFO] 2018-02-26 11:15:50,508: +SERVICE [/kill] /turtlesim http://tygrys.robotyka.ia.pw.edu.pl:39695/
[rosmaster.master][INFO] 2018-02-26 11:15:50,511: +SUB [/turtle1/cmd_vel] /turtlesim http://tygrys.robotyka.ia.pw.edu.pl:39695/
[rosmaster.master][INFO] 2018-02-26 11:15:50,513: +PUB [/turtle1/pose] /turtlesim http://tygrys.robotyka.ia.pw.edu.pl:39695/
[rosmaster.master][INFO] 2018-02-26 11:15:50,514: +PUB [/turtle1/color_sensor] /turtlesim http://tygrys.robotyka.ia.pw.edu.pl:39695/
[rosmaster.master][INFO] 2018-02-26 11:15:50,515: +SERVICE [/turtle1/set_pen] /turtlesim http://tygrys.robotyka.ia.pw.edu.pl:39695/
[rosmaster.master][INFO] 2018-02-26 11:15:50,516: +SERVICE [/turtle1/teleport_relative] /turtlesim http://tygrys.robotyka.ia.pw.edu.pl:39695/
[rosmaster.master][INFO] 2018-02-26 11:15:50,517: +SERVICE [/turtle1/teleport_absolute] /turtlesim http://tygrys.robotyka.ia.pw.edu.pl:39695/
[rosmaster.master][INFO] 2018-02-26 11:19:04,849: +PUB [/rosout] /rqt_gui_py_node_21015 http://tygrys.robotyka.ia.pw.edu.pl:40185/
[rosmaster.master][INFO] 2018-02-26 11:19:04,853: +SERVICE [/rqt_gui_py_node_21015/get_loggers] /rqt_gui_py_node_21015 http://tygrys.robotyka.ia.pw.edu.pl:40185/
[rosmaster.master][INFO] 2018-02-26 11:19:04,854: +SERVICE [/rqt_gui_py_node_21015/set_logger_level] /rqt_gui_py_node_21015 http://tygrys.robotyka.ia.pw.edu.pl:40185/
[rosmaster.master][INFO] 2018-02-26 11:19:04,942: publisherUpdate[/rosout] -> http://tygrys.robotyka.ia.pw.edu.pl:44927/ ['http://tygrys.robotyka.ia.pw.edu.pl:33057/', 'http://tygrys.robotyka.ia.pw.edu.pl:39695/', 'http://tygrys.robotyka.ia.pw.edu.pl:40185/']
[rosmaster.master][INFO] 2018-02-26 11:19:04,944: publisherUpdate[/rosout] -> http://tygrys.robotyka.ia.pw.edu.pl:44927/ ['http://tygrys.robotyka.ia.pw.edu.pl:33057/', 'http://tygrys.robotyka.ia.pw.edu.pl:39695/', 'http://tygrys.robotyka.ia.pw.edu.pl:40185/']: sec=0.00, result=[1, '', 0]
[rosmaster.master][INFO] 2018-02-26 11:19:05,083: +SUB [/statistics] /rqt_gui_py_node_21015 http://tygrys.robotyka.ia.pw.edu.pl:40185/
[rosmaster.master][INFO] 2018-02-26 11:20:06,559: -PUB [/rosout] /talker http://tygrys.robotyka.ia.pw.edu.pl:33057/
[rosmaster.master][INFO] 2018-02-26 11:20:06,560: publisherUpdate[/rosout] -> http://tygrys.robotyka.ia.pw.edu.pl:44927/ ['http://tygrys.robotyka.ia.pw.edu.pl:39695/', 'http://tygrys.robotyka.ia.pw.edu.pl:40185/']
[rosmaster.master][INFO] 2018-02-26 11:20:06,562: -PUB [/turtle1/cmd_vel] /talker http://tygrys.robotyka.ia.pw.edu.pl:33057/
[rosmaster.master][INFO] 2018-02-26 11:20:06,563: publisherUpdate[/rosout] -> http://tygrys.robotyka.ia.pw.edu.pl:44927/ ['http://tygrys.robotyka.ia.pw.edu.pl:39695/', 'http://tygrys.robotyka.ia.pw.edu.pl:40185/']: sec=0.00, result=[1, '', 0]
[rosmaster.master][INFO] 2018-02-26 11:20:06,565: -SERVICE [/talker/get_loggers] /talker rosrpc://tygrys.robotyka.ia.pw.edu.pl:46779
[rosmaster.master][INFO] 2018-02-26 11:20:06,565: publisherUpdate[/turtle1/cmd_vel] -> http://tygrys.robotyka.ia.pw.edu.pl:39695/ []
[rosmaster.master][INFO] 2018-02-26 11:20:06,567: -SERVICE [/talker/set_logger_level] /talker rosrpc://tygrys.robotyka.ia.pw.edu.pl:46779
[rosmaster.master][INFO] 2018-02-26 11:20:06,569: publisherUpdate[/turtle1/cmd_vel] -> http://tygrys.robotyka.ia.pw.edu.pl:39695/ []: sec=0.00, result=[1, '', 0]
[rosmaster.master][INFO] 2018-02-26 11:21:47,650: +PUB [/rosout] /talker http://tygrys.robotyka.ia.pw.edu.pl:44872/
[rosmaster.master][INFO] 2018-02-26 11:21:47,650: publisherUpdate[/rosout] -> http://tygrys.robotyka.ia.pw.edu.pl:44927/ ['http://tygrys.robotyka.ia.pw.edu.pl:39695/', 'http://tygrys.robotyka.ia.pw.edu.pl:40185/', 'http://tygrys.robotyka.ia.pw.edu.pl:44872/']
[rosmaster.master][INFO] 2018-02-26 11:21:47,650: +SERVICE [/talker/get_loggers] /talker http://tygrys.robotyka.ia.pw.edu.pl:44872/
[rosmaster.master][INFO] 2018-02-26 11:21:47,652: publisherUpdate[/rosout] -> http://tygrys.robotyka.ia.pw.edu.pl:44927/ ['http://tygrys.robotyka.ia.pw.edu.pl:39695/', 'http://tygrys.robotyka.ia.pw.edu.pl:40185/', 'http://tygrys.robotyka.ia.pw.edu.pl:44872/']: sec=0.00, result=[1, '', 0]
[rosmaster.master][INFO] 2018-02-26 11:21:47,652: +SERVICE [/talker/set_logger_level] /talker http://tygrys.robotyka.ia.pw.edu.pl:44872/
[rosmaster.master][INFO] 2018-02-26 11:21:47,654: +PUB [/turtle1/cmd_vel] /talker http://tygrys.robotyka.ia.pw.edu.pl:44872/
[rosmaster.master][INFO] 2018-02-26 11:21:47,669: publisherUpdate[/turtle1/cmd_vel] -> http://tygrys.robotyka.ia.pw.edu.pl:39695/ ['http://tygrys.robotyka.ia.pw.edu.pl:44872/']
[rosmaster.master][INFO] 2018-02-26 11:21:47,671: publisherUpdate[/turtle1/cmd_vel] -> http://tygrys.robotyka.ia.pw.edu.pl:39695/ ['http://tygrys.robotyka.ia.pw.edu.pl:44872/']: sec=0.00, result=[1, '', 0]
[rosmaster.master][INFO] 2018-02-26 11:40:46,521: -SUB [/statistics] /rqt_gui_py_node_21015 http://tygrys.robotyka.ia.pw.edu.pl:40185/
[rosmaster.master][INFO] 2018-02-26 11:40:46,522: -PUB [/rosout] /rqt_gui_py_node_21015 http://tygrys.robotyka.ia.pw.edu.pl:40185/
[rosmaster.master][INFO] 2018-02-26 11:40:46,522: -SERVICE [/rqt_gui_py_node_21015/set_logger_level] /rqt_gui_py_node_21015 rosrpc://tygrys.robotyka.ia.pw.edu.pl:39116
[rosmaster.master][INFO] 2018-02-26 11:40:46,523: -SERVICE [/rqt_gui_py_node_21015/get_loggers] /rqt_gui_py_node_21015 rosrpc://tygrys.robotyka.ia.pw.edu.pl:39116
[rosmaster.master][INFO] 2018-02-26 11:40:46,562: publisherUpdate[/rosout] -> http://tygrys.robotyka.ia.pw.edu.pl:44927/ ['http://tygrys.robotyka.ia.pw.edu.pl:39695/', 'http://tygrys.robotyka.ia.pw.edu.pl:44872/']
[rosmaster.master][INFO] 2018-02-26 11:40:46,564: publisherUpdate[/rosout] -> http://tygrys.robotyka.ia.pw.edu.pl:44927/ ['http://tygrys.robotyka.ia.pw.edu.pl:39695/', 'http://tygrys.robotyka.ia.pw.edu.pl:44872/']: sec=0.00, result=[1, '', 0]
[rosmaster.master][INFO] 2018-02-26 11:47:45,631: +PARAM [/roslaunch/uris/host_tygrys_robotyka_ia_pw_edu_pl__37111] by /roslaunch
[rosmaster.master][INFO] 2018-02-26 11:47:45,634: +PARAM [/rosversion] by /roslaunch
[rosmaster.master][INFO] 2018-02-26 11:47:45,635: +PARAM [/rosdistro] by /roslaunch
[rosmaster.master][INFO] 2018-02-26 11:47:45,717: +PUB [/rosout] /sim http://tygrys.robotyka.ia.pw.edu.pl:36278/
[rosmaster.master][INFO] 2018-02-26 11:47:45,719: +SERVICE [/sim/get_loggers] /sim http://tygrys.robotyka.ia.pw.edu.pl:36278/
[rosmaster.master][INFO] 2018-02-26 11:47:45,720: +SERVICE [/sim/set_logger_level] /sim http://tygrys.robotyka.ia.pw.edu.pl:36278/
[rosmaster.master][INFO] 2018-02-26 11:47:45,722: +PARAM [/background_r] by /sim
[rosmaster.master][INFO] 2018-02-26 11:47:45,723: +PARAM [/background_g] by /sim
[rosmaster.master][INFO] 2018-02-26 11:47:45,724: +PARAM [/background_b] by /sim
[rosmaster.master][INFO] 2018-02-26 11:47:45,751: +SERVICE [/clear] /sim http://tygrys.robotyka.ia.pw.edu.pl:36278/
[rosmaster.master][INFO] 2018-02-26 11:47:45,752: +SERVICE [/reset] /sim http://tygrys.robotyka.ia.pw.edu.pl:36278/
[rosmaster.master][INFO] 2018-02-26 11:47:45,753: +SERVICE [/spawn] /sim http://tygrys.robotyka.ia.pw.edu.pl:36278/
[rosmaster.master][INFO] 2018-02-26 11:47:45,754: +SERVICE [/kill] /sim http://tygrys.robotyka.ia.pw.edu.pl:36278/
[rosmaster.master][INFO] 2018-02-26 11:47:45,757: +SUB [/turtle1/cmd_vel] /sim http://tygrys.robotyka.ia.pw.edu.pl:36278/
[rosmaster.master][INFO] 2018-02-26 11:47:45,759: +PUB [/turtle1/pose] /sim http://tygrys.robotyka.ia.pw.edu.pl:36278/
[rosmaster.master][INFO] 2018-02-26 11:47:45,760: +PUB [/turtle1/color_sensor] /sim http://tygrys.robotyka.ia.pw.edu.pl:36278/
[rosmaster.master][INFO] 2018-02-26 11:47:45,761: +SERVICE [/turtle1/set_pen] /sim http://tygrys.robotyka.ia.pw.edu.pl:36278/
[rosmaster.master][INFO] 2018-02-26 11:47:45,762: +SERVICE [/turtle1/teleport_relative] /sim http://tygrys.robotyka.ia.pw.edu.pl:36278/
[rosmaster.master][INFO] 2018-02-26 11:47:45,763: +SERVICE [/turtle1/teleport_absolute] /sim http://tygrys.robotyka.ia.pw.edu.pl:36278/
[rosmaster.master][INFO] 2018-02-26 11:47:45,763: publisherUpdate[/rosout] -> http://tygrys.robotyka.ia.pw.edu.pl:44927/ ['http://tygrys.robotyka.ia.pw.edu.pl:39695/', 'http://tygrys.robotyka.ia.pw.edu.pl:44872/', 'http://tygrys.robotyka.ia.pw.edu.pl:36278/']
[rosmaster.master][INFO] 2018-02-26 11:47:45,765: publisherUpdate[/rosout] -> http://tygrys.robotyka.ia.pw.edu.pl:44927/ ['http://tygrys.robotyka.ia.pw.edu.pl:39695/', 'http://tygrys.robotyka.ia.pw.edu.pl:44872/', 'http://tygrys.robotyka.ia.pw.edu.pl:36278/']: sec=0.00, result=[1, '', 0]
[rosmaster.master][INFO] 2018-02-26 11:50:52,421: +PARAM [/roslaunch/uris/host_tygrys_robotyka_ia_pw_edu_pl__46114] by /roslaunch
[rosmaster.master][INFO] 2018-02-26 11:50:52,423: +PARAM [/rosversion] by /roslaunch
[rosmaster.master][INFO] 2018-02-26 11:50:52,423: +PARAM [/rosdistro] by /roslaunch
[rosmaster.master][INFO] 2018-02-26 11:50:52,490: +PUB [/rosout] /sim http://tygrys.robotyka.ia.pw.edu.pl:41355/
[rosmaster.master][INFO] 2018-02-26 11:50:52,491: +SERVICE [/sim/get_loggers] /sim http://tygrys.robotyka.ia.pw.edu.pl:41355/
[rosmaster.master][INFO] 2018-02-26 11:50:52,492: +SERVICE [/sim/set_logger_level] /sim http://tygrys.robotyka.ia.pw.edu.pl:41355/
[rosmaster.master][INFO] 2018-02-26 11:50:52,493: +PARAM [/background_r] by /sim
[rosmaster.master][INFO] 2018-02-26 11:50:52,495: +PARAM [/background_g] by /sim
[rosmaster.master][INFO] 2018-02-26 11:50:52,496: +PARAM [/background_b] by /sim
[rosmaster.master][INFO] 2018-02-26 11:50:52,523: +SERVICE [/clear] /sim http://tygrys.robotyka.ia.pw.edu.pl:41355/
[rosmaster.master][INFO] 2018-02-26 11:50:52,525: +SERVICE [/reset] /sim http://tygrys.robotyka.ia.pw.edu.pl:41355/
[rosmaster.master][INFO] 2018-02-26 11:50:52,526: +SERVICE [/spawn] /sim http://tygrys.robotyka.ia.pw.edu.pl:41355/
[rosmaster.master][INFO] 2018-02-26 11:50:52,527: +SERVICE [/kill] /sim http://tygrys.robotyka.ia.pw.edu.pl:41355/
[rosmaster.master][INFO] 2018-02-26 11:50:52,527: publisherUpdate[/rosout] -> http://tygrys.robotyka.ia.pw.edu.pl:44927/ ['http://tygrys.robotyka.ia.pw.edu.pl:39695/', 'http://tygrys.robotyka.ia.pw.edu.pl:44872/', 'http://tygrys.robotyka.ia.pw.edu.pl:41355/']
[rosmaster.master][INFO] 2018-02-26 11:50:52,529: publisherUpdate[/rosout] -> http://tygrys.robotyka.ia.pw.edu.pl:44927/ ['http://tygrys.robotyka.ia.pw.edu.pl:39695/', 'http://tygrys.robotyka.ia.pw.edu.pl:44872/', 'http://tygrys.robotyka.ia.pw.edu.pl:41355/']: sec=0.00, result=[1, '', 0]
[rosmaster.master][INFO] 2018-02-26 11:50:52,530: +SUB [/turtle1/cmd_vel] /sim http://tygrys.robotyka.ia.pw.edu.pl:41355/
[rosmaster.master][INFO] 2018-02-26 11:50:52,532: +PUB [/turtle1/pose] /sim http://tygrys.robotyka.ia.pw.edu.pl:41355/
[rosmaster.master][INFO] 2018-02-26 11:50:52,533: +PUB [/turtle1/color_sensor] /sim http://tygrys.robotyka.ia.pw.edu.pl:41355/
[rosmaster.master][INFO] 2018-02-26 11:50:52,534: +SERVICE [/turtle1/set_pen] /sim http://tygrys.robotyka.ia.pw.edu.pl:41355/
[rosmaster.master][INFO] 2018-02-26 11:50:52,535: +SERVICE [/turtle1/teleport_relative] /sim http://tygrys.robotyka.ia.pw.edu.pl:41355/
[rosmaster.master][INFO] 2018-02-26 11:50:52,536: +SERVICE [/turtle1/teleport_absolute] /sim http://tygrys.robotyka.ia.pw.edu.pl:41355/
[rosmaster.master][INFO] 2018-02-26 11:52:27,288: +PARAM [/roslaunch/uris/host_tygrys_robotyka_ia_pw_edu_pl__40454] by /roslaunch
[rosmaster.master][INFO] 2018-02-26 11:52:27,290: +PARAM [/rosversion] by /roslaunch
[rosmaster.master][INFO] 2018-02-26 11:52:27,291: +PARAM [/rosdistro] by /roslaunch
[rosmaster.master][INFO] 2018-02-26 11:52:27,355: +PUB [/rosout] /sim http://tygrys.robotyka.ia.pw.edu.pl:46008/
[rosmaster.master][INFO] 2018-02-26 11:52:27,356: +SERVICE [/sim/get_loggers] /sim http://tygrys.robotyka.ia.pw.edu.pl:46008/
[rosmaster.master][INFO] 2018-02-26 11:52:27,357: +SERVICE [/sim/set_logger_level] /sim http://tygrys.robotyka.ia.pw.edu.pl:46008/
[rosmaster.master][INFO] 2018-02-26 11:52:27,359: +PARAM [/background_r] by /sim
[rosmaster.master][INFO] 2018-02-26 11:52:27,360: +PARAM [/background_g] by /sim
[rosmaster.master][INFO] 2018-02-26 11:52:27,361: +PARAM [/background_b] by /sim
[rosmaster.master][INFO] 2018-02-26 11:52:27,374: publisherUpdate[/rosout] -> http://tygrys.robotyka.ia.pw.edu.pl:44927/ ['http://tygrys.robotyka.ia.pw.edu.pl:39695/', 'http://tygrys.robotyka.ia.pw.edu.pl:44872/', 'http://tygrys.robotyka.ia.pw.edu.pl:46008/']
[rosmaster.master][INFO] 2018-02-26 11:52:27,376: publisherUpdate[/rosout] -> http://tygrys.robotyka.ia.pw.edu.pl:44927/ ['http://tygrys.robotyka.ia.pw.edu.pl:39695/', 'http://tygrys.robotyka.ia.pw.edu.pl:44872/', 'http://tygrys.robotyka.ia.pw.edu.pl:46008/']: sec=0.00, result=[1, '', 0]
[rosmaster.master][INFO] 2018-02-26 11:52:27,387: +SERVICE [/clear] /sim http://tygrys.robotyka.ia.pw.edu.pl:46008/
[rosmaster.master][INFO] 2018-02-26 11:52:27,388: +SERVICE [/reset] /sim http://tygrys.robotyka.ia.pw.edu.pl:46008/
[rosmaster.master][INFO] 2018-02-26 11:52:27,390: +SERVICE [/spawn] /sim http://tygrys.robotyka.ia.pw.edu.pl:46008/
[rosmaster.master][INFO] 2018-02-26 11:52:27,391: +SERVICE [/kill] /sim http://tygrys.robotyka.ia.pw.edu.pl:46008/
[rosmaster.master][INFO] 2018-02-26 11:52:27,393: +SUB [/turtle1/cmd_vel] /sim http://tygrys.robotyka.ia.pw.edu.pl:46008/
[rosmaster.master][INFO] 2018-02-26 11:52:27,395: +PUB [/turtle1/pose] /sim http://tygrys.robotyka.ia.pw.edu.pl:46008/
[rosmaster.master][INFO] 2018-02-26 11:52:27,396: +PUB [/turtle1/color_sensor] /sim http://tygrys.robotyka.ia.pw.edu.pl:46008/
[rosmaster.master][INFO] 2018-02-26 11:52:27,397: +SERVICE [/turtle1/set_pen] /sim http://tygrys.robotyka.ia.pw.edu.pl:46008/
[rosmaster.master][INFO] 2018-02-26 11:52:27,398: +SERVICE [/turtle1/teleport_relative] /sim http://tygrys.robotyka.ia.pw.edu.pl:46008/
[rosmaster.master][INFO] 2018-02-26 11:52:27,399: +SERVICE [/turtle1/teleport_absolute] /sim http://tygrys.robotyka.ia.pw.edu.pl:46008/
[rosmaster.master][INFO] 2018-02-26 11:54:27,251: +PARAM [/roslaunch/uris/host_tygrys_robotyka_ia_pw_edu_pl__44493] by /roslaunch
[rosmaster.master][INFO] 2018-02-26 11:54:27,253: +PARAM [/rosversion] by /roslaunch
[rosmaster.master][INFO] 2018-02-26 11:54:27,253: +PARAM [/rosdistro] by /roslaunch
[rosmaster.master][INFO] 2018-02-26 11:54:27,317: +PUB [/rosout] /sim http://tygrys.robotyka.ia.pw.edu.pl:45170/
[rosmaster.master][INFO] 2018-02-26 11:54:27,318: +SERVICE [/sim/get_loggers] /sim http://tygrys.robotyka.ia.pw.edu.pl:45170/
[rosmaster.master][INFO] 2018-02-26 11:54:27,319: +SERVICE [/sim/set_logger_level] /sim http://tygrys.robotyka.ia.pw.edu.pl:45170/
[rosmaster.master][INFO] 2018-02-26 11:54:27,320: +PARAM [/background_r] by /sim
[rosmaster.master][INFO] 2018-02-26 11:54:27,321: +PARAM [/background_g] by /sim
[rosmaster.master][INFO] 2018-02-26 11:54:27,322: +PARAM [/background_b] by /sim
[rosmaster.master][INFO] 2018-02-26 11:54:27,340: publisherUpdate[/rosout] -> http://tygrys.robotyka.ia.pw.edu.pl:44927/ ['http://tygrys.robotyka.ia.pw.edu.pl:39695/', 'http://tygrys.robotyka.ia.pw.edu.pl:44872/', 'http://tygrys.robotyka.ia.pw.edu.pl:45170/']
[rosmaster.master][INFO] 2018-02-26 11:54:27,342: publisherUpdate[/rosout] -> http://tygrys.robotyka.ia.pw.edu.pl:44927/ ['http://tygrys.robotyka.ia.pw.edu.pl:39695/', 'http://tygrys.robotyka.ia.pw.edu.pl:44872/', 'http://tygrys.robotyka.ia.pw.edu.pl:45170/']: sec=0.00, result=[1, '', 0]
[rosmaster.master][INFO] 2018-02-26 11:54:27,349: +SERVICE [/clear] /sim http://tygrys.robotyka.ia.pw.edu.pl:45170/
[rosmaster.master][INFO] 2018-02-26 11:54:27,350: +SERVICE [/reset] /sim http://tygrys.robotyka.ia.pw.edu.pl:45170/
[rosmaster.master][INFO] 2018-02-26 11:54:27,351: +SERVICE [/spawn] /sim http://tygrys.robotyka.ia.pw.edu.pl:45170/
[rosmaster.master][INFO] 2018-02-26 11:54:27,352: +SERVICE [/kill] /sim http://tygrys.robotyka.ia.pw.edu.pl:45170/
[rosmaster.master][INFO] 2018-02-26 11:54:27,355: +SUB [/turtle1/cmd_vel] /sim http://tygrys.robotyka.ia.pw.edu.pl:45170/
[rosmaster.master][INFO] 2018-02-26 11:54:27,357: +PUB [/turtle1/pose] /sim http://tygrys.robotyka.ia.pw.edu.pl:45170/
[rosmaster.master][INFO] 2018-02-26 11:54:27,358: +PUB [/turtle1/color_sensor] /sim http://tygrys.robotyka.ia.pw.edu.pl:45170/
[rosmaster.master][INFO] 2018-02-26 11:54:27,359: +SERVICE [/turtle1/set_pen] /sim http://tygrys.robotyka.ia.pw.edu.pl:45170/
[rosmaster.master][INFO] 2018-02-26 11:54:27,360: +SERVICE [/turtle1/teleport_relative] /sim http://tygrys.robotyka.ia.pw.edu.pl:45170/
[rosmaster.master][INFO] 2018-02-26 11:54:27,361: +SERVICE [/turtle1/teleport_absolute] /sim http://tygrys.robotyka.ia.pw.edu.pl:45170/
[rosmaster.master][INFO] 2018-02-26 11:54:56,211: +PARAM [/roslaunch/uris/host_tygrys_robotyka_ia_pw_edu_pl__42886] by /roslaunch
[rosmaster.master][INFO] 2018-02-26 11:54:56,213: +PARAM [/rosversion] by /roslaunch
[rosmaster.master][INFO] 2018-02-26 11:54:56,214: +PARAM [/rosdistro] by /roslaunch
[rosmaster.master][INFO] 2018-02-26 11:54:56,279: +PUB [/rosout] /zolww http://tygrys.robotyka.ia.pw.edu.pl:33467/
[rosmaster.master][INFO] 2018-02-26 11:54:56,280: +PUB [/rosout] /sim http://tygrys.robotyka.ia.pw.edu.pl:42971/
[rosmaster.master][INFO] 2018-02-26 11:54:56,281: +SERVICE [/zolww/get_loggers] /zolww http://tygrys.robotyka.ia.pw.edu.pl:33467/
[rosmaster.master][INFO] 2018-02-26 11:54:56,281: +SERVICE [/sim/get_loggers] /sim http://tygrys.robotyka.ia.pw.edu.pl:42971/
[rosmaster.master][INFO] 2018-02-26 11:54:56,282: +SERVICE [/zolww/set_logger_level] /zolww http://tygrys.robotyka.ia.pw.edu.pl:33467/
[rosmaster.master][INFO] 2018-02-26 11:54:56,282: +SERVICE [/sim/set_logger_level] /sim http://tygrys.robotyka.ia.pw.edu.pl:42971/
[rosmaster.master][INFO] 2018-02-26 11:54:56,283: +PUB [/turtle1/cmd_vel] /zolww http://tygrys.robotyka.ia.pw.edu.pl:33467/
[rosmaster.master][INFO] 2018-02-26 11:54:56,284: +PARAM [/background_r] by /sim
[rosmaster.master][INFO] 2018-02-26 11:54:56,285: +PARAM [/background_g] by /sim
[rosmaster.master][INFO] 2018-02-26 11:54:56,286: +PARAM [/background_b] by /sim
[rosmaster.master][INFO] 2018-02-26 11:54:56,294: publisherUpdate[/rosout] -> http://tygrys.robotyka.ia.pw.edu.pl:44927/ ['http://tygrys.robotyka.ia.pw.edu.pl:39695/', 'http://tygrys.robotyka.ia.pw.edu.pl:44872/', 'http://tygrys.robotyka.ia.pw.edu.pl:45170/', 'http://tygrys.robotyka.ia.pw.edu.pl:33467/']
[rosmaster.master][INFO] 2018-02-26 11:54:56,296: publisherUpdate[/rosout] -> http://tygrys.robotyka.ia.pw.edu.pl:44927/ ['http://tygrys.robotyka.ia.pw.edu.pl:39695/', 'http://tygrys.robotyka.ia.pw.edu.pl:44872/', 'http://tygrys.robotyka.ia.pw.edu.pl:45170/', 'http://tygrys.robotyka.ia.pw.edu.pl:33467/']: sec=0.00, result=[1, '', 0]
[rosmaster.master][INFO] 2018-02-26 11:54:56,297: publisherUpdate[/rosout] -> http://tygrys.robotyka.ia.pw.edu.pl:44927/ ['http://tygrys.robotyka.ia.pw.edu.pl:39695/', 'http://tygrys.robotyka.ia.pw.edu.pl:44872/', 'http://tygrys.robotyka.ia.pw.edu.pl:33467/', 'http://tygrys.robotyka.ia.pw.edu.pl:42971/']
[rosmaster.master][INFO] 2018-02-26 11:54:56,298: publisherUpdate[/rosout] -> http://tygrys.robotyka.ia.pw.edu.pl:44927/ ['http://tygrys.robotyka.ia.pw.edu.pl:39695/', 'http://tygrys.robotyka.ia.pw.edu.pl:44872/', 'http://tygrys.robotyka.ia.pw.edu.pl:33467/', 'http://tygrys.robotyka.ia.pw.edu.pl:42971/']: sec=0.00, result=[1, '', 0]
[rosmaster.master][INFO] 2018-02-26 11:54:56,299: publisherUpdate[/turtle1/cmd_vel] -> http://tygrys.robotyka.ia.pw.edu.pl:39695/ ['http://tygrys.robotyka.ia.pw.edu.pl:44872/', 'http://tygrys.robotyka.ia.pw.edu.pl:33467/']
[rosmaster.master][INFO] 2018-02-26 11:54:56,300: publisherUpdate[/turtle1/cmd_vel] -> http://tygrys.robotyka.ia.pw.edu.pl:39695/ ['http://tygrys.robotyka.ia.pw.edu.pl:44872/', 'http://tygrys.robotyka.ia.pw.edu.pl:33467/']: sec=0.00, result=[1, '', 0]
[rosmaster.master][INFO] 2018-02-26 11:54:56,304: +SERVICE [/clear] /sim http://tygrys.robotyka.ia.pw.edu.pl:42971/
[rosmaster.master][INFO] 2018-02-26 11:54:56,305: +SERVICE [/reset] /sim http://tygrys.robotyka.ia.pw.edu.pl:42971/
[rosmaster.master][INFO] 2018-02-26 11:54:56,306: +SERVICE [/spawn] /sim http://tygrys.robotyka.ia.pw.edu.pl:42971/
[rosmaster.master][INFO] 2018-02-26 11:54:56,307: +SERVICE [/kill] /sim http://tygrys.robotyka.ia.pw.edu.pl:42971/
[rosmaster.master][INFO] 2018-02-26 11:54:56,310: +SUB [/turtle1/cmd_vel] /sim http://tygrys.robotyka.ia.pw.edu.pl:42971/
[rosmaster.master][INFO] 2018-02-26 11:54:56,311: +PUB [/turtle1/pose] /sim http://tygrys.robotyka.ia.pw.edu.pl:42971/
[rosmaster.master][INFO] 2018-02-26 11:54:56,312: +PUB [/turtle1/color_sensor] /sim http://tygrys.robotyka.ia.pw.edu.pl:42971/
[rosmaster.master][INFO] 2018-02-26 11:54:56,313: +SERVICE [/turtle1/set_pen] /sim http://tygrys.robotyka.ia.pw.edu.pl:42971/
[rosmaster.master][INFO] 2018-02-26 11:54:56,314: +SERVICE [/turtle1/teleport_relative] /sim http://tygrys.robotyka.ia.pw.edu.pl:42971/
[rosmaster.master][INFO] 2018-02-26 11:54:56,315: +SERVICE [/turtle1/teleport_absolute] /sim http://tygrys.robotyka.ia.pw.edu.pl:42971/
[rosmaster.master][INFO] 2018-02-26 11:56:30,916: +PUB [/rosout] /rqt_gui_py_node_22679 http://tygrys.robotyka.ia.pw.edu.pl:40432/
[rosmaster.master][INFO] 2018-02-26 11:56:30,920: +SERVICE [/rqt_gui_py_node_22679/get_loggers] /rqt_gui_py_node_22679 http://tygrys.robotyka.ia.pw.edu.pl:40432/
[rosmaster.master][INFO] 2018-02-26 11:56:30,922: +SERVICE [/rqt_gui_py_node_22679/set_logger_level] /rqt_gui_py_node_22679 http://tygrys.robotyka.ia.pw.edu.pl:40432/
[rosmaster.master][INFO] 2018-02-26 11:56:30,926: publisherUpdate[/rosout] -> http://tygrys.robotyka.ia.pw.edu.pl:44927/ ['http://tygrys.robotyka.ia.pw.edu.pl:39695/', 'http://tygrys.robotyka.ia.pw.edu.pl:44872/', 'http://tygrys.robotyka.ia.pw.edu.pl:33467/', 'http://tygrys.robotyka.ia.pw.edu.pl:42971/', 'http://tygrys.robotyka.ia.pw.edu.pl:40432/']
[rosmaster.master][INFO] 2018-02-26 11:56:30,928: publisherUpdate[/rosout] -> http://tygrys.robotyka.ia.pw.edu.pl:44927/ ['http://tygrys.robotyka.ia.pw.edu.pl:39695/', 'http://tygrys.robotyka.ia.pw.edu.pl:44872/', 'http://tygrys.robotyka.ia.pw.edu.pl:33467/', 'http://tygrys.robotyka.ia.pw.edu.pl:42971/', 'http://tygrys.robotyka.ia.pw.edu.pl:40432/']: sec=0.00, result=[1, '', 0]
[rosmaster.master][INFO] 2018-02-26 11:56:30,936: +SUB [/statistics] /rqt_gui_py_node_22679 http://tygrys.robotyka.ia.pw.edu.pl:40432/
[rosmaster.master][INFO] 2018-02-26 11:58:28,023: -PUB [/rosout] /zolww http://tygrys.robotyka.ia.pw.edu.pl:33467/
[rosmaster.master][INFO] 2018-02-26 11:58:28,023: -PUB [/turtle1/cmd_vel] /zolww http://tygrys.robotyka.ia.pw.edu.pl:33467/
[rosmaster.master][INFO] 2018-02-26 11:58:28,025: -SERVICE [/zolww/get_loggers] /zolww rosrpc://tygrys.robotyka.ia.pw.edu.pl:42983
[rosmaster.master][INFO] 2018-02-26 11:58:28,026: -SERVICE [/zolww/set_logger_level] /zolww rosrpc://tygrys.robotyka.ia.pw.edu.pl:42983
[rosmaster.master][INFO] 2018-02-26 11:58:28,072: publisherUpdate[/rosout] -> http://tygrys.robotyka.ia.pw.edu.pl:44927/ ['http://tygrys.robotyka.ia.pw.edu.pl:39695/', 'http://tygrys.robotyka.ia.pw.edu.pl:44872/', 'http://tygrys.robotyka.ia.pw.edu.pl:42971/', 'http://tygrys.robotyka.ia.pw.edu.pl:40432/']
[rosmaster.master][INFO] 2018-02-26 11:58:28,073: publisherUpdate[/rosout] -> http://tygrys.robotyka.ia.pw.edu.pl:44927/ ['http://tygrys.robotyka.ia.pw.edu.pl:39695/', 'http://tygrys.robotyka.ia.pw.edu.pl:44872/', 'http://tygrys.robotyka.ia.pw.edu.pl:42971/', 'http://tygrys.robotyka.ia.pw.edu.pl:40432/']: sec=0.00, result=[1, '', 0]
[rosmaster.master][INFO] 2018-02-26 11:58:28,074: publisherUpdate[/turtle1/cmd_vel] -> http://tygrys.robotyka.ia.pw.edu.pl:39695/ ['http://tygrys.robotyka.ia.pw.edu.pl:44872/']
[rosmaster.master][INFO] 2018-02-26 11:58:28,075: publisherUpdate[/turtle1/cmd_vel] -> http://tygrys.robotyka.ia.pw.edu.pl:39695/ ['http://tygrys.robotyka.ia.pw.edu.pl:44872/']: sec=0.00, result=[1, '', 0]
[rosmaster.master][INFO] 2018-02-26 11:58:28,076: publisherUpdate[/turtle1/cmd_vel] -> http://tygrys.robotyka.ia.pw.edu.pl:42971/ ['http://tygrys.robotyka.ia.pw.edu.pl:44872/']
[rosmaster.master][INFO] 2018-02-26 11:58:28,077: publisherUpdate[/turtle1/cmd_vel] -> http://tygrys.robotyka.ia.pw.edu.pl:42971/ ['http://tygrys.robotyka.ia.pw.edu.pl:44872/']: sec=0.00, exception=[Errno 111] Connection refused
[rosmaster.threadpool][ERROR] 2018-02-26 11:58:28,115: Traceback (most recent call last):
  File "/opt/ros/kinetic/lib/python2.7/dist-packages/rosmaster/threadpool.py", line 218, in run
    result = cmd(*args)
  File "/opt/ros/kinetic/lib/python2.7/dist-packages/rosmaster/master_api.py", line 210, in publisher_update_task
    ret = xmlrpcapi(api).publisherUpdate('/master', topic, pub_uris)
  File "/usr/lib/python2.7/xmlrpclib.py", line 1243, in __call__
    return self.__send(self.__name, args)
  File "/usr/lib/python2.7/xmlrpclib.py", line 1602, in __request
    verbose=self.__verbose
  File "/usr/lib/python2.7/xmlrpclib.py", line 1283, in request
    return self.single_request(host, handler, request_body, verbose)
  File "/usr/lib/python2.7/xmlrpclib.py", line 1311, in single_request
    self.send_content(h, request_body)
  File "/usr/lib/python2.7/xmlrpclib.py", line 1459, in send_content
    connection.endheaders(request_body)
  File "/usr/lib/python2.7/httplib.py", line 1053, in endheaders
    self._send_output(message_body)
  File "/usr/lib/python2.7/httplib.py", line 897, in _send_output
    self.send(msg)
  File "/usr/lib/python2.7/httplib.py", line 859, in send
    self.connect()
  File "/usr/lib/python2.7/httplib.py", line 836, in connect
    self.timeout, self.source_address)
  File "/usr/lib/python2.7/socket.py", line 575, in create_connection
    raise err
error: [Errno 111] Connection refused

[rosmaster.master][INFO] 2018-02-26 11:59:09,702: +PARAM [/roslaunch/uris/host_tygrys_robotyka_ia_pw_edu_pl__44735] by /roslaunch
[rosmaster.master][INFO] 2018-02-26 11:59:09,704: +PARAM [/rosversion] by /roslaunch
[rosmaster.master][INFO] 2018-02-26 11:59:09,705: +PARAM [/rosdistro] by /roslaunch
[rosmaster.master][INFO] 2018-02-26 11:59:09,765: +PUB [/rosout] /talker http://tygrys.robotyka.ia.pw.edu.pl:45501/
[rosmaster.master][INFO] 2018-02-26 11:59:09,767: +SERVICE [/talker/get_loggers] /talker http://tygrys.robotyka.ia.pw.edu.pl:45501/
[rosmaster.master][INFO] 2018-02-26 11:59:09,768: +SERVICE [/talker/set_logger_level] /talker http://tygrys.robotyka.ia.pw.edu.pl:45501/
[rosmaster.master][INFO] 2018-02-26 11:59:09,770: +PUB [/rosout] /sim http://tygrys.robotyka.ia.pw.edu.pl:40949/
[rosmaster.master][INFO] 2018-02-26 11:59:09,771: +PUB [/turtle1/cmd_vel] /talker http://tygrys.robotyka.ia.pw.edu.pl:45501/
[rosmaster.master][INFO] 2018-02-26 11:59:09,772: +SERVICE [/sim/get_loggers] /sim http://tygrys.robotyka.ia.pw.edu.pl:40949/
[rosmaster.master][INFO] 2018-02-26 11:59:09,773: +SERVICE [/sim/set_logger_level] /sim http://tygrys.robotyka.ia.pw.edu.pl:40949/
[rosmaster.master][INFO] 2018-02-26 11:59:09,774: +PARAM [/background_r] by /sim
[rosmaster.master][INFO] 2018-02-26 11:59:09,775: +PARAM [/background_g] by /sim
[rosmaster.master][INFO] 2018-02-26 11:59:09,776: +PARAM [/background_b] by /sim
[rosmaster.master][INFO] 2018-02-26 11:59:09,779: publisherUpdate[/rosout] -> http://tygrys.robotyka.ia.pw.edu.pl:44927/ ['http://tygrys.robotyka.ia.pw.edu.pl:39695/', 'http://tygrys.robotyka.ia.pw.edu.pl:42971/', 'http://tygrys.robotyka.ia.pw.edu.pl:40432/', 'http://tygrys.robotyka.ia.pw.edu.pl:45501/']
[rosmaster.master][INFO] 2018-02-26 11:59:09,781: publisherUpdate[/rosout] -> http://tygrys.robotyka.ia.pw.edu.pl:44927/ ['http://tygrys.robotyka.ia.pw.edu.pl:39695/', 'http://tygrys.robotyka.ia.pw.edu.pl:42971/', 'http://tygrys.robotyka.ia.pw.edu.pl:40432/', 'http://tygrys.robotyka.ia.pw.edu.pl:45501/']: sec=0.00, result=[1, '', 0]
[rosmaster.master][INFO] 2018-02-26 11:59:09,782: publisherUpdate[/rosout] -> http://tygrys.robotyka.ia.pw.edu.pl:44927/ ['http://tygrys.robotyka.ia.pw.edu.pl:39695/', 'http://tygrys.robotyka.ia.pw.edu.pl:40432/', 'http://tygrys.robotyka.ia.pw.edu.pl:45501/', 'http://tygrys.robotyka.ia.pw.edu.pl:40949/']
[rosmaster.master][INFO] 2018-02-26 11:59:09,783: publisherUpdate[/rosout] -> http://tygrys.robotyka.ia.pw.edu.pl:44927/ ['http://tygrys.robotyka.ia.pw.edu.pl:39695/', 'http://tygrys.robotyka.ia.pw.edu.pl:40432/', 'http://tygrys.robotyka.ia.pw.edu.pl:45501/', 'http://tygrys.robotyka.ia.pw.edu.pl:40949/']: sec=0.00, result=[1, '', 0]
[rosmaster.master][INFO] 2018-02-26 11:59:09,783: publisherUpdate[/turtle1/cmd_vel] -> http://tygrys.robotyka.ia.pw.edu.pl:39695/ ['http://tygrys.robotyka.ia.pw.edu.pl:45501/']
[rosmaster.master][INFO] 2018-02-26 11:59:09,785: publisherUpdate[/turtle1/cmd_vel] -> http://tygrys.robotyka.ia.pw.edu.pl:39695/ ['http://tygrys.robotyka.ia.pw.edu.pl:45501/']: sec=0.00, result=[1, '', 0]
[rosmaster.master][INFO] 2018-02-26 11:59:09,802: +SERVICE [/clear] /sim http://tygrys.robotyka.ia.pw.edu.pl:40949/
[rosmaster.master][INFO] 2018-02-26 11:59:09,804: +SERVICE [/reset] /sim http://tygrys.robotyka.ia.pw.edu.pl:40949/
[rosmaster.master][INFO] 2018-02-26 11:59:09,805: +SERVICE [/spawn] /sim http://tygrys.robotyka.ia.pw.edu.pl:40949/
[rosmaster.master][INFO] 2018-02-26 11:59:09,806: +SERVICE [/kill] /sim http://tygrys.robotyka.ia.pw.edu.pl:40949/
[rosmaster.master][INFO] 2018-02-26 11:59:09,809: +SUB [/turtle1/cmd_vel] /sim http://tygrys.robotyka.ia.pw.edu.pl:40949/
[rosmaster.master][INFO] 2018-02-26 11:59:09,810: +PUB [/turtle1/pose] /sim http://tygrys.robotyka.ia.pw.edu.pl:40949/
[rosmaster.master][INFO] 2018-02-26 11:59:09,811: +PUB [/turtle1/color_sensor] /sim http://tygrys.robotyka.ia.pw.edu.pl:40949/
[rosmaster.master][INFO] 2018-02-26 11:59:09,812: +SERVICE [/turtle1/set_pen] /sim http://tygrys.robotyka.ia.pw.edu.pl:40949/
[rosmaster.master][INFO] 2018-02-26 11:59:09,813: +SERVICE [/turtle1/teleport_relative] /sim http://tygrys.robotyka.ia.pw.edu.pl:40949/
[rosmaster.master][INFO] 2018-02-26 11:59:09,814: +SERVICE [/turtle1/teleport_absolute] /sim http://tygrys.robotyka.ia.pw.edu.pl:40949/
[rosmaster.master][INFO] 2018-02-26 11:59:09,880: -PUB [/rosout] /talker http://tygrys.robotyka.ia.pw.edu.pl:44872/
[rosmaster.master][INFO] 2018-02-26 11:59:09,882: -PUB [/turtle1/cmd_vel] /talker http://tygrys.robotyka.ia.pw.edu.pl:44872/
[rosmaster.master][INFO] 2018-02-26 11:59:09,883: -SERVICE [/talker/get_loggers] /talker rosrpc://tygrys.robotyka.ia.pw.edu.pl:34859
[rosmaster.master][INFO] 2018-02-26 11:59:09,884: -SERVICE [/talker/set_logger_level] /talker rosrpc://tygrys.robotyka.ia.pw.edu.pl:34859
[rosmaster.master][INFO] 2018-02-26 11:59:16,009: -SUB [/statistics] /rqt_gui_py_node_22679 http://tygrys.robotyka.ia.pw.edu.pl:40432/
[rosmaster.master][INFO] 2018-02-26 11:59:16,009: -PUB [/rosout] /rqt_gui_py_node_22679 http://tygrys.robotyka.ia.pw.edu.pl:40432/
[rosmaster.master][INFO] 2018-02-26 11:59:16,010: -SERVICE [/rqt_gui_py_node_22679/get_loggers] /rqt_gui_py_node_22679 rosrpc://tygrys.robotyka.ia.pw.edu.pl:38211
[rosmaster.master][INFO] 2018-02-26 11:59:16,010: -SERVICE [/rqt_gui_py_node_22679/set_logger_level] /rqt_gui_py_node_22679 rosrpc://tygrys.robotyka.ia.pw.edu.pl:38211
[rosmaster.master][INFO] 2018-02-26 11:59:16,095: publisherUpdate[/rosout] -> http://tygrys.robotyka.ia.pw.edu.pl:44927/ ['http://tygrys.robotyka.ia.pw.edu.pl:39695/', 'http://tygrys.robotyka.ia.pw.edu.pl:45501/', 'http://tygrys.robotyka.ia.pw.edu.pl:40949/']
[rosmaster.master][INFO] 2018-02-26 11:59:16,097: publisherUpdate[/rosout] -> http://tygrys.robotyka.ia.pw.edu.pl:44927/ ['http://tygrys.robotyka.ia.pw.edu.pl:39695/', 'http://tygrys.robotyka.ia.pw.edu.pl:45501/', 'http://tygrys.robotyka.ia.pw.edu.pl:40949/']: sec=0.00, result=[1, '', 0]
[rosmaster.master][INFO] 2018-02-26 11:59:24,157: +PUB [/rosout] /rqt_gui_py_node_22934 http://tygrys.robotyka.ia.pw.edu.pl:34531/
[rosmaster.master][INFO] 2018-02-26 11:59:24,161: +SERVICE [/rqt_gui_py_node_22934/get_loggers] /rqt_gui_py_node_22934 http://tygrys.robotyka.ia.pw.edu.pl:34531/
[rosmaster.master][INFO] 2018-02-26 11:59:24,163: +SERVICE [/rqt_gui_py_node_22934/set_logger_level] /rqt_gui_py_node_22934 http://tygrys.robotyka.ia.pw.edu.pl:34531/
[rosmaster.master][INFO] 2018-02-26 11:59:24,174: +SUB [/statistics] /rqt_gui_py_node_22934 http://tygrys.robotyka.ia.pw.edu.pl:34531/
[rosmaster.master][INFO] 2018-02-26 11:59:24,213: publisherUpdate[/rosout] -> http://tygrys.robotyka.ia.pw.edu.pl:44927/ ['http://tygrys.robotyka.ia.pw.edu.pl:39695/', 'http://tygrys.robotyka.ia.pw.edu.pl:45501/', 'http://tygrys.robotyka.ia.pw.edu.pl:40949/', 'http://tygrys.robotyka.ia.pw.edu.pl:34531/']
[rosmaster.master][INFO] 2018-02-26 11:59:24,215: publisherUpdate[/rosout] -> http://tygrys.robotyka.ia.pw.edu.pl:44927/ ['http://tygrys.robotyka.ia.pw.edu.pl:39695/', 'http://tygrys.robotyka.ia.pw.edu.pl:45501/', 'http://tygrys.robotyka.ia.pw.edu.pl:40949/', 'http://tygrys.robotyka.ia.pw.edu.pl:34531/']: sec=0.00, result=[1, '', 0]
[rosmaster.master][INFO] 2018-02-26 12:01:51,147: -PUB [/rosout] /talker http://tygrys.robotyka.ia.pw.edu.pl:45501/
[rosmaster.master][INFO] 2018-02-26 12:01:51,148: -PUB [/turtle1/cmd_vel] /talker http://tygrys.robotyka.ia.pw.edu.pl:45501/
[rosmaster.master][INFO] 2018-02-26 12:01:51,149: publisherUpdate[/rosout] -> http://tygrys.robotyka.ia.pw.edu.pl:44927/ ['http://tygrys.robotyka.ia.pw.edu.pl:39695/', 'http://tygrys.robotyka.ia.pw.edu.pl:40949/', 'http://tygrys.robotyka.ia.pw.edu.pl:34531/']
[rosmaster.master][INFO] 2018-02-26 12:01:51,149: -SERVICE [/talker/get_loggers] /talker rosrpc://tygrys.robotyka.ia.pw.edu.pl:40243
[rosmaster.master][INFO] 2018-02-26 12:01:51,150: publisherUpdate[/rosout] -> http://tygrys.robotyka.ia.pw.edu.pl:44927/ ['http://tygrys.robotyka.ia.pw.edu.pl:39695/', 'http://tygrys.robotyka.ia.pw.edu.pl:40949/', 'http://tygrys.robotyka.ia.pw.edu.pl:34531/']: sec=0.00, result=[1, '', 0]
[rosmaster.master][INFO] 2018-02-26 12:01:51,151: -SERVICE [/talker/set_logger_level] /talker rosrpc://tygrys.robotyka.ia.pw.edu.pl:40243
[rosmaster.master][INFO] 2018-02-26 12:01:51,151: publisherUpdate[/turtle1/cmd_vel] -> http://tygrys.robotyka.ia.pw.edu.pl:39695/ []
[rosmaster.master][INFO] 2018-02-26 12:01:51,153: publisherUpdate[/turtle1/cmd_vel] -> http://tygrys.robotyka.ia.pw.edu.pl:39695/ []: sec=0.00, result=[1, '', 0]
[rosmaster.master][INFO] 2018-02-26 12:01:51,154: publisherUpdate[/turtle1/cmd_vel] -> http://tygrys.robotyka.ia.pw.edu.pl:40949/ []
[rosmaster.master][INFO] 2018-02-26 12:01:51,155: publisherUpdate[/turtle1/cmd_vel] -> http://tygrys.robotyka.ia.pw.edu.pl:40949/ []: sec=0.00, exception=[Errno 111] Connection refused
[rosmaster.threadpool][ERROR] 2018-02-26 12:01:51,155: Traceback (most recent call last):
  File "/opt/ros/kinetic/lib/python2.7/dist-packages/rosmaster/threadpool.py", line 218, in run
    result = cmd(*args)
  File "/opt/ros/kinetic/lib/python2.7/dist-packages/rosmaster/master_api.py", line 210, in publisher_update_task
    ret = xmlrpcapi(api).publisherUpdate('/master', topic, pub_uris)
  File "/usr/lib/python2.7/xmlrpclib.py", line 1243, in __call__
    return self.__send(self.__name, args)
  File "/usr/lib/python2.7/xmlrpclib.py", line 1602, in __request
    verbose=self.__verbose
  File "/usr/lib/python2.7/xmlrpclib.py", line 1283, in request
    return self.single_request(host, handler, request_body, verbose)
  File "/usr/lib/python2.7/xmlrpclib.py", line 1311, in single_request
    self.send_content(h, request_body)
  File "/usr/lib/python2.7/xmlrpclib.py", line 1459, in send_content
    connection.endheaders(request_body)
  File "/usr/lib/python2.7/httplib.py", line 1053, in endheaders
    self._send_output(message_body)
  File "/usr/lib/python2.7/httplib.py", line 897, in _send_output
    self.send(msg)
  File "/usr/lib/python2.7/httplib.py", line 859, in send
    self.connect()
  File "/usr/lib/python2.7/httplib.py", line 836, in connect
    self.timeout, self.source_address)
  File "/usr/lib/python2.7/socket.py", line 575, in create_connection
    raise err
error: [Errno 111] Connection refused

[rosmaster.master][INFO] 2018-02-26 12:02:05,770: +PARAM [/roslaunch/uris/host_tygrys_robotyka_ia_pw_edu_pl__35157] by /roslaunch
[rosmaster.master][INFO] 2018-02-26 12:02:05,772: +PARAM [/rosversion] by /roslaunch
[rosmaster.master][INFO] 2018-02-26 12:02:05,772: +PARAM [/rosdistro] by /roslaunch
[rosmaster.master][INFO] 2018-02-26 12:02:05,836: +PUB [/rosout] /talker http://tygrys.robotyka.ia.pw.edu.pl:41793/
[rosmaster.master][INFO] 2018-02-26 12:02:05,837: +SERVICE [/talker/get_loggers] /talker http://tygrys.robotyka.ia.pw.edu.pl:41793/
[rosmaster.master][INFO] 2018-02-26 12:02:05,838: +SERVICE [/talker/set_logger_level] /talker http://tygrys.robotyka.ia.pw.edu.pl:41793/
[rosmaster.master][INFO] 2018-02-26 12:02:05,840: +PUB [/turtle1/cmd_vel] /talker http://tygrys.robotyka.ia.pw.edu.pl:41793/
[rosmaster.master][INFO] 2018-02-26 12:02:05,841: +PUB [/rosout] /turtlesim http://tygrys.robotyka.ia.pw.edu.pl:38988/
[rosmaster.master][INFO] 2018-02-26 12:02:05,842: +SERVICE [/turtlesim/get_loggers] /turtlesim http://tygrys.robotyka.ia.pw.edu.pl:38988/
[rosmaster.master][INFO] 2018-02-26 12:02:05,843: +SERVICE [/turtlesim/set_logger_level] /turtlesim http://tygrys.robotyka.ia.pw.edu.pl:38988/
[rosmaster.master][INFO] 2018-02-26 12:02:05,844: +PARAM [/background_r] by /turtlesim
[rosmaster.master][INFO] 2018-02-26 12:02:05,845: +PARAM [/background_g] by /turtlesim
[rosmaster.master][INFO] 2018-02-26 12:02:05,846: +PARAM [/background_b] by /turtlesim
[rosmaster.master][INFO] 2018-02-26 12:02:05,852: publisherUpdate[/rosout] -> http://tygrys.robotyka.ia.pw.edu.pl:44927/ ['http://tygrys.robotyka.ia.pw.edu.pl:39695/', 'http://tygrys.robotyka.ia.pw.edu.pl:40949/', 'http://tygrys.robotyka.ia.pw.edu.pl:34531/', 'http://tygrys.robotyka.ia.pw.edu.pl:41793/']
[rosmaster.master][INFO] 2018-02-26 12:02:05,854: publisherUpdate[/rosout] -> http://tygrys.robotyka.ia.pw.edu.pl:44927/ ['http://tygrys.robotyka.ia.pw.edu.pl:39695/', 'http://tygrys.robotyka.ia.pw.edu.pl:40949/', 'http://tygrys.robotyka.ia.pw.edu.pl:34531/', 'http://tygrys.robotyka.ia.pw.edu.pl:41793/']: sec=0.00, result=[1, '', 0]
[rosmaster.master][INFO] 2018-02-26 12:02:05,855: publisherUpdate[/turtle1/cmd_vel] -> http://tygrys.robotyka.ia.pw.edu.pl:39695/ ['http://tygrys.robotyka.ia.pw.edu.pl:41793/']
[rosmaster.master][INFO] 2018-02-26 12:02:05,856: publisherUpdate[/turtle1/cmd_vel] -> http://tygrys.robotyka.ia.pw.edu.pl:39695/ ['http://tygrys.robotyka.ia.pw.edu.pl:41793/']: sec=0.00, result=[1, '', 0]
[rosmaster.master][INFO] 2018-02-26 12:02:05,857: publisherUpdate[/turtle1/cmd_vel] -> http://tygrys.robotyka.ia.pw.edu.pl:40949/ ['http://tygrys.robotyka.ia.pw.edu.pl:41793/']
[rosmaster.master][INFO] 2018-02-26 12:02:05,858: publisherUpdate[/turtle1/cmd_vel] -> http://tygrys.robotyka.ia.pw.edu.pl:40949/ ['http://tygrys.robotyka.ia.pw.edu.pl:41793/']: sec=0.00, exception=[Errno 111] Connection refused
[rosmaster.threadpool][ERROR] 2018-02-26 12:02:05,858: Traceback (most recent call last):
  File "/opt/ros/kinetic/lib/python2.7/dist-packages/rosmaster/threadpool.py", line 218, in run
    result = cmd(*args)
  File "/opt/ros/kinetic/lib/python2.7/dist-packages/rosmaster/master_api.py", line 210, in publisher_update_task
    ret = xmlrpcapi(api).publisherUpdate('/master', topic, pub_uris)
  File "/usr/lib/python2.7/xmlrpclib.py", line 1243, in __call__
    return self.__send(self.__name, args)
  File "/usr/lib/python2.7/xmlrpclib.py", line 1602, in __request
    verbose=self.__verbose
  File "/usr/lib/python2.7/xmlrpclib.py", line 1283, in request
    return self.single_request(host, handler, request_body, verbose)
  File "/usr/lib/python2.7/xmlrpclib.py", line 1311, in single_request
    self.send_content(h, request_body)
  File "/usr/lib/python2.7/xmlrpclib.py", line 1459, in send_content
    connection.endheaders(request_body)
  File "/usr/lib/python2.7/httplib.py", line 1053, in endheaders
    self._send_output(message_body)
  File "/usr/lib/python2.7/httplib.py", line 897, in _send_output
    self.send(msg)
  File "/usr/lib/python2.7/httplib.py", line 859, in send
    self.connect()
  File "/usr/lib/python2.7/httplib.py", line 836, in connect
    self.timeout, self.source_address)
  File "/usr/lib/python2.7/socket.py", line 575, in create_connection
    raise err
error: [Errno 111] Connection refused

[rosmaster.master][INFO] 2018-02-26 12:02:05,859: publisherUpdate[/rosout] -> http://tygrys.robotyka.ia.pw.edu.pl:44927/ ['http://tygrys.robotyka.ia.pw.edu.pl:40949/', 'http://tygrys.robotyka.ia.pw.edu.pl:34531/', 'http://tygrys.robotyka.ia.pw.edu.pl:41793/', 'http://tygrys.robotyka.ia.pw.edu.pl:38988/']
[rosmaster.master][INFO] 2018-02-26 12:02:05,861: publisherUpdate[/rosout] -> http://tygrys.robotyka.ia.pw.edu.pl:44927/ ['http://tygrys.robotyka.ia.pw.edu.pl:40949/', 'http://tygrys.robotyka.ia.pw.edu.pl:34531/', 'http://tygrys.robotyka.ia.pw.edu.pl:41793/', 'http://tygrys.robotyka.ia.pw.edu.pl:38988/']: sec=0.00, result=[1, '', 0]
[rosmaster.master][INFO] 2018-02-26 12:02:05,874: +SERVICE [/clear] /turtlesim http://tygrys.robotyka.ia.pw.edu.pl:38988/
[rosmaster.master][INFO] 2018-02-26 12:02:05,875: +SERVICE [/reset] /turtlesim http://tygrys.robotyka.ia.pw.edu.pl:38988/
[rosmaster.master][INFO] 2018-02-26 12:02:05,877: +SERVICE [/spawn] /turtlesim http://tygrys.robotyka.ia.pw.edu.pl:38988/
[rosmaster.master][INFO] 2018-02-26 12:02:05,878: +SERVICE [/kill] /turtlesim http://tygrys.robotyka.ia.pw.edu.pl:38988/
[rosmaster.master][INFO] 2018-02-26 12:02:05,881: +SUB [/turtle1/cmd_vel] /turtlesim http://tygrys.robotyka.ia.pw.edu.pl:38988/
[rosmaster.master][INFO] 2018-02-26 12:02:05,882: +PUB [/turtle1/pose] /turtlesim http://tygrys.robotyka.ia.pw.edu.pl:38988/
[rosmaster.master][INFO] 2018-02-26 12:02:05,884: +PUB [/turtle1/color_sensor] /turtlesim http://tygrys.robotyka.ia.pw.edu.pl:38988/
[rosmaster.master][INFO] 2018-02-26 12:02:05,885: +SERVICE [/turtle1/set_pen] /turtlesim http://tygrys.robotyka.ia.pw.edu.pl:38988/
[rosmaster.master][INFO] 2018-02-26 12:02:05,886: +SERVICE [/turtle1/teleport_relative] /turtlesim http://tygrys.robotyka.ia.pw.edu.pl:38988/
[rosmaster.master][INFO] 2018-02-26 12:02:05,887: +SERVICE [/turtle1/teleport_absolute] /turtlesim http://tygrys.robotyka.ia.pw.edu.pl:38988/
[rosmaster.master][INFO] 2018-02-26 12:02:05,962: -PUB [/rosout] /turtlesim http://tygrys.robotyka.ia.pw.edu.pl:39695/
[rosmaster.master][INFO] 2018-02-26 12:02:05,963: -PUB [/turtle1/pose] /turtlesim http://tygrys.robotyka.ia.pw.edu.pl:39695/
[rosmaster.master][INFO] 2018-02-26 12:02:05,965: -PUB [/turtle1/color_sensor] /turtlesim http://tygrys.robotyka.ia.pw.edu.pl:39695/
[rosmaster.master][INFO] 2018-02-26 12:02:05,966: -SUB [/turtle1/cmd_vel] /turtlesim http://tygrys.robotyka.ia.pw.edu.pl:39695/
[rosmaster.master][INFO] 2018-02-26 12:02:05,967: -SERVICE [/turtlesim/get_loggers] /turtlesim rosrpc://tygrys.robotyka.ia.pw.edu.pl:35911
[rosmaster.master][INFO] 2018-02-26 12:02:05,968: -SERVICE [/turtlesim/set_logger_level] /turtlesim rosrpc://tygrys.robotyka.ia.pw.edu.pl:35911
[rosmaster.master][INFO] 2018-02-26 12:02:05,969: -SERVICE [/clear] /turtlesim rosrpc://tygrys.robotyka.ia.pw.edu.pl:35911
[rosmaster.master][INFO] 2018-02-26 12:02:05,970: -SERVICE [/reset] /turtlesim rosrpc://tygrys.robotyka.ia.pw.edu.pl:35911
[rosmaster.master][INFO] 2018-02-26 12:02:05,972: -SERVICE [/spawn] /turtlesim rosrpc://tygrys.robotyka.ia.pw.edu.pl:35911
[rosmaster.master][INFO] 2018-02-26 12:02:05,973: -SERVICE [/kill] /turtlesim rosrpc://tygrys.robotyka.ia.pw.edu.pl:35911
[rosmaster.master][INFO] 2018-02-26 12:02:05,974: -SERVICE [/turtle1/set_pen] /turtlesim rosrpc://tygrys.robotyka.ia.pw.edu.pl:35911
[rosmaster.master][INFO] 2018-02-26 12:02:05,975: -SERVICE [/turtle1/teleport_relative] /turtlesim rosrpc://tygrys.robotyka.ia.pw.edu.pl:35911
[rosmaster.master][INFO] 2018-02-26 12:02:05,976: -SERVICE [/turtle1/teleport_absolute] /turtlesim rosrpc://tygrys.robotyka.ia.pw.edu.pl:35911
[rosmaster.master][INFO] 2018-02-26 12:02:09,522: -SUB [/statistics] /rqt_gui_py_node_22934 http://tygrys.robotyka.ia.pw.edu.pl:34531/
[rosmaster.master][INFO] 2018-02-26 12:02:09,523: -PUB [/rosout] /rqt_gui_py_node_22934 http://tygrys.robotyka.ia.pw.edu.pl:34531/
[rosmaster.master][INFO] 2018-02-26 12:02:09,524: -SERVICE [/rqt_gui_py_node_22934/set_logger_level] /rqt_gui_py_node_22934 rosrpc://tygrys.robotyka.ia.pw.edu.pl:42185
[rosmaster.master][INFO] 2018-02-26 12:02:09,525: -SERVICE [/rqt_gui_py_node_22934/get_loggers] /rqt_gui_py_node_22934 rosrpc://tygrys.robotyka.ia.pw.edu.pl:42185
[rosmaster.master][INFO] 2018-02-26 12:02:09,567: publisherUpdate[/rosout] -> http://tygrys.robotyka.ia.pw.edu.pl:44927/ ['http://tygrys.robotyka.ia.pw.edu.pl:40949/', 'http://tygrys.robotyka.ia.pw.edu.pl:41793/', 'http://tygrys.robotyka.ia.pw.edu.pl:38988/']
[rosmaster.master][INFO] 2018-02-26 12:02:09,569: publisherUpdate[/rosout] -> http://tygrys.robotyka.ia.pw.edu.pl:44927/ ['http://tygrys.robotyka.ia.pw.edu.pl:40949/', 'http://tygrys.robotyka.ia.pw.edu.pl:41793/', 'http://tygrys.robotyka.ia.pw.edu.pl:38988/']: sec=0.00, result=[1, '', 0]
[rosmaster.master][INFO] 2018-02-26 12:02:15,965: +PUB [/rosout] /rqt_gui_py_node_23079 http://tygrys.robotyka.ia.pw.edu.pl:43317/
[rosmaster.master][INFO] 2018-02-26 12:02:15,969: +SERVICE [/rqt_gui_py_node_23079/get_loggers] /rqt_gui_py_node_23079 http://tygrys.robotyka.ia.pw.edu.pl:43317/
[rosmaster.master][INFO] 2018-02-26 12:02:15,971: +SERVICE [/rqt_gui_py_node_23079/set_logger_level] /rqt_gui_py_node_23079 http://tygrys.robotyka.ia.pw.edu.pl:43317/
[rosmaster.master][INFO] 2018-02-26 12:02:15,983: publisherUpdate[/rosout] -> http://tygrys.robotyka.ia.pw.edu.pl:44927/ ['http://tygrys.robotyka.ia.pw.edu.pl:40949/', 'http://tygrys.robotyka.ia.pw.edu.pl:41793/', 'http://tygrys.robotyka.ia.pw.edu.pl:38988/', 'http://tygrys.robotyka.ia.pw.edu.pl:43317/']
[rosmaster.master][INFO] 2018-02-26 12:02:15,985: publisherUpdate[/rosout] -> http://tygrys.robotyka.ia.pw.edu.pl:44927/ ['http://tygrys.robotyka.ia.pw.edu.pl:40949/', 'http://tygrys.robotyka.ia.pw.edu.pl:41793/', 'http://tygrys.robotyka.ia.pw.edu.pl:38988/', 'http://tygrys.robotyka.ia.pw.edu.pl:43317/']: sec=0.00, result=[1, '', 0]
[rosmaster.master][INFO] 2018-02-26 12:02:15,987: +SUB [/statistics] /rqt_gui_py_node_23079 http://tygrys.robotyka.ia.pw.edu.pl:43317/
