[roslaunch][INFO] 2018-02-26 11:08:58,681: Checking log directory for disk usage. This may take awhile.
Press Ctrl-C to interrupt
[roslaunch][INFO] 2018-02-26 11:08:58,686: Done checking log file disk usage. Usage is <1GB.
[roslaunch][INFO] 2018-02-26 11:08:58,686: roslaunch starting with args ['roscore', '--core']
[roslaunch][INFO] 2018-02-26 11:08:58,687: roslaunch env is {'ROS_DISTRO': 'kinetic', 'GNOME_DESKTOP_SESSION_ID': 'this-is-deprecated', 'WINDOWPATH': '2', 'XDG_CURRENT_DESKTOP': 'GNOME', 'XDG_SESSION_TYPE': 'x11', 'ROSLISP_PACKAGE_DIRECTORIES': '', 'QT_IM_MODULE': 'ibus', 'LOGNAME': 'prawicki', 'USER': 'prawicki', 'HOME': '/home/prawicki', 'XDG_VTNR': '2', 'PATH': '/opt/ros/kinetic/bin:/usr/local/sbin:/usr/local/bin:/usr/sbin:/usr/bin:/sbin:/bin:/usr/games:/usr/local/games:/snap/bin', 'CMAKE_PREFIX_PATH': '/opt/ros/kinetic', 'LD_LIBRARY_PATH': '/opt/ros/kinetic/lib:/opt/ros/kinetic/lib/x86_64-linux-gnu', 'SSH_AGENT_PID': '2185', 'LANG': 'pl_PL.UTF-8', 'TERM': 'xterm-256color', 'SHELL': '/bin/bash', 'ROS_LOG_FILENAME': '/home/prawicki/.ros/log/0f8b82ce-1add-11e8-8be1-ecb1d7313af9/roslaunch-tygrys.robotyka.ia.pw.edu.pl-19970.log', 'XAUTHORITY': '/run/user/1237800232/gdm/Xauthority', 'SESSION_MANAGER': 'local/tygrys.robotyka.ia.pw.edu.pl:@/tmp/.ICE-unix/2118,unix/tygrys.robotyka.ia.pw.edu.pl:/tmp/.ICE-unix/2118', 'SHLVL': '1', 'QT_LINUX_ACCESSIBILITY_ALWAYS_ON': '1', 'MANDATORY_PATH': '/usr/share/gconf/gnome.mandatory.path', 'CLUTTER_IM_MODULE': 'xim', 'DISPLAY': ':1', 'QT4_IM_MODULE': 'xim', 'QT_ACCESSIBILITY': '1', 'WINDOWID': '33556678', 'DESKTOP_AUTOSTART_ID': '10758ec6303384c7f151963620018026700000021180001', 'XMODIFIERS': '@im=ibus', 'ROS_ETC_DIR': '/opt/ros/kinetic/etc/ros', 'USERNAME': 'prawicki', 'XDG_SESSION_DESKTOP': 'gnome', 'XDG_RUNTIME_DIR': '/run/user/1237800232', 'PYTHONPATH': '/opt/ros/kinetic/lib/python2.7/dist-packages', 'SSH_AUTH_SOCK': '/run/user/1237800232/keyring/ssh', 'VTE_VERSION': '4205', 'ROS_ROOT': '/opt/ros/kinetic/share/ros', 'GDMSESSION': 'gnome', 'KRB5CCNAME': 'KEYRING:persistent:1237800232', 'PKG_CONFIG_PATH': '/opt/ros/kinetic/lib/pkgconfig:/opt/ros/kinetic/lib/x86_64-linux-gnu/pkgconfig', 'ROS_PACKAGE_PATH': '/opt/ros/kinetic/share', 'XDG_SESSION_ID': '1', 'DBUS_SESSION_BUS_ADDRESS': 'unix:abstract=/tmp/dbus-3CzYeKwDDI,guid=04a217203026da7f46ac294e5a93cee6', '_': '/opt/ros/kinetic/bin/roscore', 'DEFAULTS_PATH': '/usr/share/gconf/gnome.default.path', 'GTK_IM_MODULE': 'ibus', 'DESKTOP_SESSION': 'gnome', 'XDG_CONFIG_DIRS': '/etc/xdg/xdg-gnome:/etc/xdg', 'GTK_MODULES': 'gail:atk-bridge', 'XDG_DATA_DIRS': '/usr/share/gnome:/usr/local/share:/usr/share:/var/lib/snapd/desktop:/var/lib/snapd/desktop', 'PWD': '/home/prawicki', 'ROS_MASTER_URI': 'http://localhost:11311', 'XDG_MENU_PREFIX': 'gnome-', 'XDG_SEAT': 'seat0'}
[roslaunch][INFO] 2018-02-26 11:08:58,688: starting in server mode
[roslaunch.parent][INFO] 2018-02-26 11:08:58,689: starting roslaunch parent run
[roslaunch][INFO] 2018-02-26 11:08:58,690: loading roscore config file /opt/ros/kinetic/etc/ros/roscore.xml
[roslaunch][INFO] 2018-02-26 11:08:58,783: Added core node of type [rosout/rosout] in namespace [/]
[roslaunch.pmon][INFO] 2018-02-26 11:08:58,784: start_process_monitor: creating ProcessMonitor
[roslaunch.pmon][INFO] 2018-02-26 11:08:58,785: created process monitor <ProcessMonitor(ProcessMonitor-1, initial daemon)>
[roslaunch.pmon][INFO] 2018-02-26 11:08:58,786: start_process_monitor: ProcessMonitor started
[roslaunch.parent][INFO] 2018-02-26 11:08:58,787: starting parent XML-RPC server
[roslaunch.server][INFO] 2018-02-26 11:08:58,788: starting roslaunch XML-RPC server
[roslaunch.server][INFO] 2018-02-26 11:08:58,788: waiting for roslaunch XML-RPC server to initialize
[xmlrpc][INFO] 2018-02-26 11:08:58,788: XML-RPC server binding to 0.0.0.0:0
[xmlrpc][INFO] 2018-02-26 11:08:58,790: Started XML-RPC server [http://tygrys.robotyka.ia.pw.edu.pl:33502/]
[xmlrpc][INFO] 2018-02-26 11:08:58,790: xml rpc node: starting XML-RPC server
[roslaunch][INFO] 2018-02-26 11:08:58,801: started roslaunch server http://tygrys.robotyka.ia.pw.edu.pl:33502/
[roslaunch.parent][INFO] 2018-02-26 11:08:58,802: ... parent XML-RPC server started
[roslaunch][INFO] 2018-02-26 11:08:58,803: master.is_running[http://tygrys.robotyka.ia.pw.edu.pl:11311/]
[roslaunch][INFO] 2018-02-26 11:08:58,814: auto-starting new master
[roslaunch][INFO] 2018-02-26 11:08:58,815: create_master_process: rosmaster, /opt/ros/kinetic/share/ros, 11311, 3, None
[roslaunch][INFO] 2018-02-26 11:08:58,816: process[master]: launching with args [['rosmaster', '--core', '-p', '11311', '-w', '3']]
[roslaunch.pmon][INFO] 2018-02-26 11:08:58,816: ProcessMonitor.register[master]
[roslaunch.pmon][INFO] 2018-02-26 11:08:58,817: ProcessMonitor.register[master] complete
[roslaunch][INFO] 2018-02-26 11:08:58,817: process[master]: starting os process
[roslaunch][INFO] 2018-02-26 11:08:58,818: process[master]: start w/ args [['rosmaster', '--core', '-p', '11311', '-w', '3', '__log:=/home/prawicki/.ros/log/0f8b82ce-1add-11e8-8be1-ecb1d7313af9/master.log']]
[roslaunch][INFO] 2018-02-26 11:08:58,819: process[master]: cwd will be [/home/prawicki/.ros]
[roslaunch][INFO] 2018-02-26 11:08:58,824: process[master]: started with pid [19982]
[roslaunch][INFO] 2018-02-26 11:08:58,825: master.is_running[http://tygrys.robotyka.ia.pw.edu.pl:11311/]
[roslaunch][INFO] 2018-02-26 11:08:58,926: master.is_running[http://tygrys.robotyka.ia.pw.edu.pl:11311/]
[roslaunch][INFO] 2018-02-26 11:08:59,028: master.is_running[http://tygrys.robotyka.ia.pw.edu.pl:11311/]
[roslaunch][INFO] 2018-02-26 11:08:59,031: master.is_running[http://tygrys.robotyka.ia.pw.edu.pl:11311/]
[roslaunch][INFO] 2018-02-26 11:08:59,033: ROS_MASTER_URI=http://tygrys.robotyka.ia.pw.edu.pl:11311/
[roslaunch][INFO] 2018-02-26 11:08:59,035: setting /run_id to 0f8b82ce-1add-11e8-8be1-ecb1d7313af9
[roslaunch][INFO] 2018-02-26 11:08:59,037: setting /roslaunch/uris/host_tygrys_robotyka_ia_pw_edu_pl__33502' to http://tygrys.robotyka.ia.pw.edu.pl:33502/
[roslaunch][INFO] 2018-02-26 11:08:59,040: ... preparing to launch node of type [rosout/rosout]
[roslaunch][INFO] 2018-02-26 11:08:59,041: create_node_process: package[rosout] type[rosout] machine[Machine(name[] env_loader[None] address[localhost] ssh_port[22] user[None] assignable[True] timeout[10.0])] master_uri[http://tygrys.robotyka.ia.pw.edu.pl:11311/]
[roslaunch][INFO] 2018-02-26 11:08:59,042: process[rosout-1]: env[{'WINDOWID': '33556678', 'ROS_DISTRO': 'kinetic', 'GNOME_DESKTOP_SESSION_ID': 'this-is-deprecated', 'XDG_CURRENT_DESKTOP': 'GNOME', 'XDG_SESSION_TYPE': 'x11', 'ROSLISP_PACKAGE_DIRECTORIES': '', 'QT_IM_MODULE': 'ibus', 'LOGNAME': 'prawicki', 'USER': 'prawicki', 'HOME': '/home/prawicki', 'XDG_VTNR': '2', 'PATH': '/opt/ros/kinetic/bin:/usr/local/sbin:/usr/local/bin:/usr/sbin:/usr/bin:/sbin:/bin:/usr/games:/usr/local/games:/snap/bin', 'CMAKE_PREFIX_PATH': '/opt/ros/kinetic', 'ROS_LOG_FILENAME': '/home/prawicki/.ros/log/0f8b82ce-1add-11e8-8be1-ecb1d7313af9/roslaunch-tygrys.robotyka.ia.pw.edu.pl-19970.log', 'SSH_AGENT_PID': '2185', 'LANG': 'pl_PL.UTF-8', 'TERM': 'xterm-256color', 'SHELL': '/bin/bash', 'XAUTHORITY': '/run/user/1237800232/gdm/Xauthority', 'SESSION_MANAGER': 'local/tygrys.robotyka.ia.pw.edu.pl:@/tmp/.ICE-unix/2118,unix/tygrys.robotyka.ia.pw.edu.pl:/tmp/.ICE-unix/2118', 'SHLVL': '1', 'QT_LINUX_ACCESSIBILITY_ALWAYS_ON': '1', 'MANDATORY_PATH': '/usr/share/gconf/gnome.mandatory.path', 'QT_ACCESSIBILITY': '1', 'LD_LIBRARY_PATH': '/opt/ros/kinetic/lib:/opt/ros/kinetic/lib/x86_64-linux-gnu', 'QT4_IM_MODULE': 'xim', 'CLUTTER_IM_MODULE': 'xim', 'WINDOWPATH': '2', 'DESKTOP_AUTOSTART_ID': '10758ec6303384c7f151963620018026700000021180001', 'XMODIFIERS': '@im=ibus', 'ROS_MASTER_URI': 'http://tygrys.robotyka.ia.pw.edu.pl:11311/', 'USERNAME': 'prawicki', 'XDG_SESSION_DESKTOP': 'gnome', 'XDG_RUNTIME_DIR': '/run/user/1237800232', 'PYTHONPATH': '/opt/ros/kinetic/lib/python2.7/dist-packages', 'SSH_AUTH_SOCK': '/run/user/1237800232/keyring/ssh', 'VTE_VERSION': '4205', 'ROS_ROOT': '/opt/ros/kinetic/share/ros', 'GDMSESSION': 'gnome', 'KRB5CCNAME': 'KEYRING:persistent:1237800232', 'PKG_CONFIG_PATH': '/opt/ros/kinetic/lib/pkgconfig:/opt/ros/kinetic/lib/x86_64-linux-gnu/pkgconfig', 'ROS_PACKAGE_PATH': '/opt/ros/kinetic/share', 'XDG_SESSION_ID': '1', 'DBUS_SESSION_BUS_ADDRESS': 'unix:abstract=/tmp/dbus-3CzYeKwDDI,guid=04a217203026da7f46ac294e5a93cee6', '_': '/opt/ros/kinetic/bin/roscore', 'GTK_MODULES': 'gail:atk-bridge', 'GTK_IM_MODULE': 'ibus', 'DESKTOP_SESSION': 'gnome', 'DISPLAY': ':1', 'DEFAULTS_PATH': '/usr/share/gconf/gnome.default.path', 'XDG_DATA_DIRS': '/usr/share/gnome:/usr/local/share:/usr/share:/var/lib/snapd/desktop:/var/lib/snapd/desktop', 'PWD': '/home/prawicki', 'ROS_ETC_DIR': '/opt/ros/kinetic/etc/ros', 'XDG_MENU_PREFIX': 'gnome-', 'XDG_CONFIG_DIRS': '/etc/xdg/xdg-gnome:/etc/xdg', 'XDG_SEAT': 'seat0'}]
[roslaunch][INFO] 2018-02-26 11:08:59,088: process[rosout-1]: args[[u'/opt/ros/kinetic/lib/rosout/rosout', u'__name:=rosout']]
[roslaunch][INFO] 2018-02-26 11:08:59,088: ... created process [rosout-1]
[roslaunch.pmon][INFO] 2018-02-26 11:08:59,089: ProcessMonitor.register[rosout-1]
[roslaunch.pmon][INFO] 2018-02-26 11:08:59,090: ProcessMonitor.register[rosout-1] complete
[roslaunch][INFO] 2018-02-26 11:08:59,091: ... registered process [rosout-1]
[roslaunch][INFO] 2018-02-26 11:08:59,091: process[rosout-1]: starting os process
[roslaunch][INFO] 2018-02-26 11:08:59,092: process[rosout-1]: start w/ args [[u'/opt/ros/kinetic/lib/rosout/rosout', u'__name:=rosout', u'__log:=/home/prawicki/.ros/log/0f8b82ce-1add-11e8-8be1-ecb1d7313af9/rosout-1.log']]
[roslaunch][INFO] 2018-02-26 11:08:59,093: process[rosout-1]: cwd will be [/home/prawicki/.ros]
[roslaunch][INFO] 2018-02-26 11:08:59,115: process[rosout-1]: started with pid [19995]
[roslaunch][INFO] 2018-02-26 11:08:59,115: ... successfully launched [rosout-1]
[roslaunch][INFO] 2018-02-26 11:08:59,116: load_parameters starting ...
[roslaunch][INFO] 2018-02-26 11:08:59,121: ... load_parameters complete
[roslaunch][INFO] 2018-02-26 11:08:59,121: launch_nodes: launching local nodes ...
[roslaunch][INFO] 2018-02-26 11:08:59,122: ... launch_nodes complete
[roslaunch.pmon][INFO] 2018-02-26 11:08:59,122: registrations completed <ProcessMonitor(ProcessMonitor-1, started daemon 140146834028288)>
[roslaunch.parent][INFO] 2018-02-26 11:08:59,123: ... roslaunch parent running, waiting for process exit
[roslaunch][INFO] 2018-02-26 11:08:59,123: spin
