[roslaunch][INFO] 2018-02-26 11:50:52,306: Checking log directory for disk usage. This may take awhile.
Press Ctrl-C to interrupt
[roslaunch][INFO] 2018-02-26 11:50:52,311: Done checking log file disk usage. Usage is <1GB.
[roslaunch][INFO] 2018-02-26 11:50:52,311: roslaunch starting with args ['/opt/ros/kinetic/bin/roslaunch', 'turtle', 'launch.launch']
[roslaunch][INFO] 2018-02-26 11:50:52,312: roslaunch env is {'ROS_DISTRO': 'kinetic', 'GNOME_DESKTOP_SESSION_ID': 'this-is-deprecated', 'WINDOWPATH': '2', 'XDG_CURRENT_DESKTOP': 'GNOME', 'XDG_SESSION_TYPE': 'x11', 'ROSLISP_PACKAGE_DIRECTORIES': '/home/prawicki/lab1/devel/share/common-lisp', 'QT_IM_MODULE': 'ibus', 'LOGNAME': 'prawicki', 'USER': 'prawicki', 'HOME': '/home/prawicki', 'XDG_VTNR': '2', 'PATH': '/opt/ros/kinetic/bin:/usr/local/sbin:/usr/local/bin:/usr/sbin:/usr/bin:/sbin:/bin:/usr/games:/usr/local/games:/snap/bin', 'CMAKE_PREFIX_PATH': '/home/prawicki/lab1/devel:/opt/ros/kinetic', 'LD_LIBRARY_PATH': '/home/prawicki/lab1/devel/lib:/opt/ros/kinetic/lib:/opt/ros/kinetic/lib/x86_64-linux-gnu', 'SSH_AGENT_PID': '2185', 'LANG': 'pl_PL.UTF-8', 'TERM': 'xterm-256color', 'SHELL': '/bin/bash', 'ROS_LOG_FILENAME': '/home/prawicki/.ros/log/0f8b82ce-1add-11e8-8be1-ecb1d7313af9/roslaunch-tygrys.robotyka.ia.pw.edu.pl-22160.log', 'XAUTHORITY': '/run/user/1237800232/gdm/Xauthority', 'SESSION_MANAGER': 'local/tygrys.robotyka.ia.pw.edu.pl:@/tmp/.ICE-unix/2118,unix/tygrys.robotyka.ia.pw.edu.pl:/tmp/.ICE-unix/2118', 'SHLVL': '1', 'QT_LINUX_ACCESSIBILITY_ALWAYS_ON': '1', 'MANDATORY_PATH': '/usr/share/gconf/gnome.mandatory.path', 'CLUTTER_IM_MODULE': 'xim', 'DISPLAY': ':1', 'QT4_IM_MODULE': 'xim', 'QT_ACCESSIBILITY': '1', 'WINDOWID': '33560438', 'DESKTOP_AUTOSTART_ID': '10758ec6303384c7f151963620018026700000021180001', 'XMODIFIERS': '@im=ibus', 'ROS_ETC_DIR': '/opt/ros/kinetic/etc/ros', 'USERNAME': 'prawicki', 'XDG_SESSION_DESKTOP': 'gnome', 'XDG_RUNTIME_DIR': '/run/user/1237800232', 'PYTHONPATH': '/opt/ros/kinetic/lib/python2.7/dist-packages', 'SSH_AUTH_SOCK': '/run/user/1237800232/keyring/ssh', 'VTE_VERSION': '4205', 'ROS_ROOT': '/opt/ros/kinetic/share/ros', 'GDMSESSION': 'gnome', 'KRB5CCNAME': 'KEYRING:persistent:1237800232', 'PKG_CONFIG_PATH': '/home/prawicki/lab1/devel/lib/pkgconfig:/opt/ros/kinetic/lib/pkgconfig:/opt/ros/kinetic/lib/x86_64-linux-gnu/pkgconfig', 'ROS_PACKAGE_PATH': '/home/prawicki/lab1/src:/opt/ros/kinetic/share', 'XDG_SESSION_ID': '1', 'DBUS_SESSION_BUS_ADDRESS': 'unix:abstract=/tmp/dbus-3CzYeKwDDI,guid=04a217203026da7f46ac294e5a93cee6', '_': '/opt/ros/kinetic/bin/roslaunch', 'DEFAULTS_PATH': '/usr/share/gconf/gnome.default.path', 'GTK_IM_MODULE': 'ibus', 'DESKTOP_SESSION': 'gnome', 'XDG_CONFIG_DIRS': '/etc/xdg/xdg-gnome:/etc/xdg', 'GTK_MODULES': 'gail:atk-bridge', 'OLDPWD': '/home/prawicki', 'XDG_DATA_DIRS': '/usr/share/gnome:/usr/local/share:/usr/share:/var/lib/snapd/desktop:/var/lib/snapd/desktop', 'PWD': '/home/prawicki/lab1', 'ROS_MASTER_URI': 'http://localhost:11311', 'XDG_MENU_PREFIX': 'gnome-', 'XDG_SEAT': 'seat0'}
[roslaunch][INFO] 2018-02-26 11:50:52,312: starting in server mode
[roslaunch.parent][INFO] 2018-02-26 11:50:52,313: starting roslaunch parent run
[roslaunch][INFO] 2018-02-26 11:50:52,313: loading roscore config file /opt/ros/kinetic/etc/ros/roscore.xml
[roslaunch][INFO] 2018-02-26 11:50:52,391: Added core node of type [rosout/rosout] in namespace [/]
[roslaunch.config][INFO] 2018-02-26 11:50:52,392: loading config file /home/prawicki/lab1/src/turtle/launch/launch.launch
[roslaunch][INFO] 2018-02-26 11:50:52,394: Added node of type [turtlesim/turtlesim_node] in namespace [/]
[roslaunch][INFO] 2018-02-26 11:50:52,395: Added node of type [turtle/talker] in namespace [/]
[roslaunch][INFO] 2018-02-26 11:50:52,396: ... selected machine [] for node of type [turtlesim/turtlesim_node]
[roslaunch][INFO] 2018-02-26 11:50:52,397: ... selected machine [] for node of type [turtle/talker]
[roslaunch.pmon][INFO] 2018-02-26 11:50:52,398: start_process_monitor: creating ProcessMonitor
[roslaunch.pmon][INFO] 2018-02-26 11:50:52,399: created process monitor <ProcessMonitor(ProcessMonitor-1, initial daemon)>
[roslaunch.pmon][INFO] 2018-02-26 11:50:52,399: start_process_monitor: ProcessMonitor started
[roslaunch.parent][INFO] 2018-02-26 11:50:52,400: starting parent XML-RPC server
[roslaunch.server][INFO] 2018-02-26 11:50:52,401: starting roslaunch XML-RPC server
[roslaunch.server][INFO] 2018-02-26 11:50:52,401: waiting for roslaunch XML-RPC server to initialize
[xmlrpc][INFO] 2018-02-26 11:50:52,401: XML-RPC server binding to 0.0.0.0:0
[xmlrpc][INFO] 2018-02-26 11:50:52,402: Started XML-RPC server [http://tygrys.robotyka.ia.pw.edu.pl:46114/]
[xmlrpc][INFO] 2018-02-26 11:50:52,403: xml rpc node: starting XML-RPC server
[roslaunch][INFO] 2018-02-26 11:50:52,414: started roslaunch server http://tygrys.robotyka.ia.pw.edu.pl:46114/
[roslaunch.parent][INFO] 2018-02-26 11:50:52,415: ... parent XML-RPC server started
[roslaunch][INFO] 2018-02-26 11:50:52,415: master.is_running[http://localhost:11311]
[roslaunch][INFO] 2018-02-26 11:50:52,417: master.is_running[http://localhost:11311]
[roslaunch][INFO] 2018-02-26 11:50:52,418: ROS_MASTER_URI=http://localhost:11311
[roslaunch][INFO] 2018-02-26 11:50:52,420: setting /roslaunch/uris/host_tygrys_robotyka_ia_pw_edu_pl__46114' to http://tygrys.robotyka.ia.pw.edu.pl:46114/
[roslaunch][INFO] 2018-02-26 11:50:52,421: load_parameters starting ...
[roslaunch][INFO] 2018-02-26 11:50:52,424: ... load_parameters complete
[roslaunch][INFO] 2018-02-26 11:50:52,425: launch_nodes: launching local nodes ...
[roslaunch][INFO] 2018-02-26 11:50:52,426: ... preparing to launch node of type [turtlesim/turtlesim_node]
[roslaunch][INFO] 2018-02-26 11:50:52,427: create_node_process: package[turtlesim] type[turtlesim_node] machine[Machine(name[] env_loader[None] address[localhost] ssh_port[22] user[None] assignable[True] timeout[10.0])] master_uri[http://localhost:11311]
[roslaunch][INFO] 2018-02-26 11:50:52,427: process[sim-1]: env[{'WINDOWID': '33560438', 'ROS_DISTRO': 'kinetic', 'GNOME_DESKTOP_SESSION_ID': 'this-is-deprecated', 'XDG_CURRENT_DESKTOP': 'GNOME', 'XDG_SESSION_TYPE': 'x11', 'ROSLISP_PACKAGE_DIRECTORIES': '/home/prawicki/lab1/devel/share/common-lisp', 'QT_IM_MODULE': 'ibus', 'LOGNAME': 'prawicki', 'USER': 'prawicki', 'HOME': '/home/prawicki', 'XDG_VTNR': '2', 'PATH': '/opt/ros/kinetic/bin:/usr/local/sbin:/usr/local/bin:/usr/sbin:/usr/bin:/sbin:/bin:/usr/games:/usr/local/games:/snap/bin', 'CMAKE_PREFIX_PATH': '/home/prawicki/lab1/devel:/opt/ros/kinetic', 'ROS_LOG_FILENAME': '/home/prawicki/.ros/log/0f8b82ce-1add-11e8-8be1-ecb1d7313af9/roslaunch-tygrys.robotyka.ia.pw.edu.pl-22160.log', 'SSH_AGENT_PID': '2185', 'LANG': 'pl_PL.UTF-8', 'TERM': 'xterm-256color', 'SHELL': '/bin/bash', 'XAUTHORITY': '/run/user/1237800232/gdm/Xauthority', 'SESSION_MANAGER': 'local/tygrys.robotyka.ia.pw.edu.pl:@/tmp/.ICE-unix/2118,unix/tygrys.robotyka.ia.pw.edu.pl:/tmp/.ICE-unix/2118', 'SHLVL': '1', 'QT_LINUX_ACCESSIBILITY_ALWAYS_ON': '1', 'MANDATORY_PATH': '/usr/share/gconf/gnome.mandatory.path', 'QT_ACCESSIBILITY': '1', 'LD_LIBRARY_PATH': '/home/prawicki/lab1/devel/lib:/opt/ros/kinetic/lib:/opt/ros/kinetic/lib/x86_64-linux-gnu', 'QT4_IM_MODULE': 'xim', 'CLUTTER_IM_MODULE': 'xim', 'WINDOWPATH': '2', 'DESKTOP_AUTOSTART_ID': '10758ec6303384c7f151963620018026700000021180001', 'XMODIFIERS': '@im=ibus', 'ROS_MASTER_URI': 'http://localhost:11311', 'USERNAME': 'prawicki', 'XDG_SESSION_DESKTOP': 'gnome', 'XDG_RUNTIME_DIR': '/run/user/1237800232', 'PYTHONPATH': '/opt/ros/kinetic/lib/python2.7/dist-packages', 'SSH_AUTH_SOCK': '/run/user/1237800232/keyring/ssh', 'VTE_VERSION': '4205', 'ROS_ROOT': '/opt/ros/kinetic/share/ros', 'GDMSESSION': 'gnome', 'KRB5CCNAME': 'KEYRING:persistent:1237800232', 'PKG_CONFIG_PATH': '/home/prawicki/lab1/devel/lib/pkgconfig:/opt/ros/kinetic/lib/pkgconfig:/opt/ros/kinetic/lib/x86_64-linux-gnu/pkgconfig', 'ROS_PACKAGE_PATH': '/home/prawicki/lab1/src:/opt/ros/kinetic/share', 'XDG_SESSION_ID': '1', 'DBUS_SESSION_BUS_ADDRESS': 'unix:abstract=/tmp/dbus-3CzYeKwDDI,guid=04a217203026da7f46ac294e5a93cee6', '_': '/opt/ros/kinetic/bin/roslaunch', 'GTK_MODULES': 'gail:atk-bridge', 'GTK_IM_MODULE': 'ibus', 'DESKTOP_SESSION': 'gnome', 'DISPLAY': ':1', 'DEFAULTS_PATH': '/usr/share/gconf/gnome.default.path', 'OLDPWD': '/home/prawicki', 'XDG_DATA_DIRS': '/usr/share/gnome:/usr/local/share:/usr/share:/var/lib/snapd/desktop:/var/lib/snapd/desktop', 'PWD': '/home/prawicki/lab1', 'ROS_ETC_DIR': '/opt/ros/kinetic/etc/ros', 'XDG_MENU_PREFIX': 'gnome-', 'XDG_CONFIG_DIRS': '/etc/xdg/xdg-gnome:/etc/xdg', 'XDG_SEAT': 'seat0'}]
[roslaunch][INFO] 2018-02-26 11:50:52,456: process[sim-1]: args[[u'/opt/ros/kinetic/lib/turtlesim/turtlesim_node', u'__name:=sim']]
[roslaunch][INFO] 2018-02-26 11:50:52,457: ... created process [sim-1]
[roslaunch.pmon][INFO] 2018-02-26 11:50:52,457: ProcessMonitor.register[sim-1]
[roslaunch.pmon][INFO] 2018-02-26 11:50:52,458: ProcessMonitor.register[sim-1] complete
[roslaunch][INFO] 2018-02-26 11:50:52,459: ... registered process [sim-1]
[roslaunch][INFO] 2018-02-26 11:50:52,459: process[sim-1]: starting os process
[roslaunch][INFO] 2018-02-26 11:50:52,461: process[sim-1]: start w/ args [[u'/opt/ros/kinetic/lib/turtlesim/turtlesim_node', u'__name:=sim', u'__log:=/home/prawicki/.ros/log/0f8b82ce-1add-11e8-8be1-ecb1d7313af9/sim-1.log']]
[roslaunch][INFO] 2018-02-26 11:50:52,461: process[sim-1]: cwd will be [/home/prawicki/.ros]
[roslaunch][INFO] 2018-02-26 11:50:52,465: process[sim-1]: started with pid [22177]
[roslaunch][INFO] 2018-02-26 11:50:52,466: ... successfully launched [sim-1]
[roslaunch][INFO] 2018-02-26 11:50:52,467: ... preparing to launch node of type [turtle/talker]
[roslaunch][INFO] 2018-02-26 11:50:52,467: create_node_process: package[turtle] type[talker] machine[Machine(name[] env_loader[None] address[localhost] ssh_port[22] user[None] assignable[True] timeout[10.0])] master_uri[http://localhost:11311]
[roslaunch][INFO] 2018-02-26 11:50:52,468: process[zolww-2]: env[{'WINDOWID': '33560438', 'ROS_DISTRO': 'kinetic', 'GNOME_DESKTOP_SESSION_ID': 'this-is-deprecated', 'XDG_CURRENT_DESKTOP': 'GNOME', 'XDG_SESSION_TYPE': 'x11', 'ROSLISP_PACKAGE_DIRECTORIES': '/home/prawicki/lab1/devel/share/common-lisp', 'QT_IM_MODULE': 'ibus', 'LOGNAME': 'prawicki', 'USER': 'prawicki', 'HOME': '/home/prawicki', 'XDG_VTNR': '2', 'PATH': '/opt/ros/kinetic/bin:/usr/local/sbin:/usr/local/bin:/usr/sbin:/usr/bin:/sbin:/bin:/usr/games:/usr/local/games:/snap/bin', 'CMAKE_PREFIX_PATH': '/home/prawicki/lab1/devel:/opt/ros/kinetic', 'ROS_LOG_FILENAME': '/home/prawicki/.ros/log/0f8b82ce-1add-11e8-8be1-ecb1d7313af9/roslaunch-tygrys.robotyka.ia.pw.edu.pl-22160.log', 'SSH_AGENT_PID': '2185', 'LANG': 'pl_PL.UTF-8', 'TERM': 'xterm-256color', 'SHELL': '/bin/bash', 'XAUTHORITY': '/run/user/1237800232/gdm/Xauthority', 'SESSION_MANAGER': 'local/tygrys.robotyka.ia.pw.edu.pl:@/tmp/.ICE-unix/2118,unix/tygrys.robotyka.ia.pw.edu.pl:/tmp/.ICE-unix/2118', 'SHLVL': '1', 'QT_LINUX_ACCESSIBILITY_ALWAYS_ON': '1', 'MANDATORY_PATH': '/usr/share/gconf/gnome.mandatory.path', 'QT_ACCESSIBILITY': '1', 'LD_LIBRARY_PATH': '/home/prawicki/lab1/devel/lib:/opt/ros/kinetic/lib:/opt/ros/kinetic/lib/x86_64-linux-gnu', 'QT4_IM_MODULE': 'xim', 'CLUTTER_IM_MODULE': 'xim', 'WINDOWPATH': '2', 'DESKTOP_AUTOSTART_ID': '10758ec6303384c7f151963620018026700000021180001', 'XMODIFIERS': '@im=ibus', 'ROS_MASTER_URI': 'http://localhost:11311', 'USERNAME': 'prawicki', 'XDG_SESSION_DESKTOP': 'gnome', 'XDG_RUNTIME_DIR': '/run/user/1237800232', 'PYTHONPATH': '/opt/ros/kinetic/lib/python2.7/dist-packages', 'SSH_AUTH_SOCK': '/run/user/1237800232/keyring/ssh', 'VTE_VERSION': '4205', 'ROS_ROOT': '/opt/ros/kinetic/share/ros', 'GDMSESSION': 'gnome', 'KRB5CCNAME': 'KEYRING:persistent:1237800232', 'PKG_CONFIG_PATH': '/home/prawicki/lab1/devel/lib/pkgconfig:/opt/ros/kinetic/lib/pkgconfig:/opt/ros/kinetic/lib/x86_64-linux-gnu/pkgconfig', 'ROS_PACKAGE_PATH': '/home/prawicki/lab1/src:/opt/ros/kinetic/share', 'XDG_SESSION_ID': '1', 'DBUS_SESSION_BUS_ADDRESS': 'unix:abstract=/tmp/dbus-3CzYeKwDDI,guid=04a217203026da7f46ac294e5a93cee6', '_': '/opt/ros/kinetic/bin/roslaunch', 'GTK_MODULES': 'gail:atk-bridge', 'GTK_IM_MODULE': 'ibus', 'DESKTOP_SESSION': 'gnome', 'DISPLAY': ':1', 'DEFAULTS_PATH': '/usr/share/gconf/gnome.default.path', 'OLDPWD': '/home/prawicki', 'XDG_DATA_DIRS': '/usr/share/gnome:/usr/local/share:/usr/share:/var/lib/snapd/desktop:/var/lib/snapd/desktop', 'PWD': '/home/prawicki/lab1', 'ROS_ETC_DIR': '/opt/ros/kinetic/etc/ros', 'XDG_MENU_PREFIX': 'gnome-', 'XDG_CONFIG_DIRS': '/etc/xdg/xdg-gnome:/etc/xdg', 'XDG_SEAT': 'seat0'}]
[roslaunch][ERROR] 2018-02-26 11:50:52,473: can't locate node [talker] in package [turtle]
[roslaunch][ERROR] 2018-02-26 11:50:52,473: ERROR: cannot launch node of type [turtle/talker]: can't locate node [talker] in package [turtle]
[roslaunch][INFO] 2018-02-26 11:50:52,474: ... launch_nodes complete
[roslaunch.pmon][INFO] 2018-02-26 11:50:52,475: registrations completed <ProcessMonitor(ProcessMonitor-1, started daemon 140428431755008)>
[roslaunch.parent][INFO] 2018-02-26 11:50:52,475: ... roslaunch parent running, waiting for process exit
[roslaunch][INFO] 2018-02-26 11:50:52,476: spin
[roslaunch.pmon][INFO] 2018-02-26 11:51:36,408: ProcessMonitor.shutdown <ProcessMonitor(ProcessMonitor-1, started daemon 140428431755008)>
[roslaunch.pmon][INFO] 2018-02-26 11:51:36,414: ProcessMonitor._post_run <ProcessMonitor(ProcessMonitor-1, started daemon 140428431755008)>
[roslaunch.pmon][INFO] 2018-02-26 11:51:36,415: ProcessMonitor._post_run <ProcessMonitor(ProcessMonitor-1, started daemon 140428431755008)>: remaining procs are [<roslaunch.nodeprocess.LocalProcess object at 0x7fb80aeb7810>]
[roslaunch.pmon][INFO] 2018-02-26 11:51:36,416: ProcessMonitor exit: killing sim-1
[roslaunch][INFO] 2018-02-26 11:51:36,417: [sim-1] killing on exit
[roslaunch][INFO] 2018-02-26 11:51:36,418: process[sim-1]: killing os process with pid[22177] pgid[22177]
[roslaunch][INFO] 2018-02-26 11:51:36,418: [sim-1] sending SIGINT to pgid [22177]
[roslaunch][INFO] 2018-02-26 11:51:36,419: [sim-1] sent SIGINT to pgid [22177]
[roslaunch][INFO] 2018-02-26 11:51:36,520: process[sim-1]: SIGINT killed with return value -2
[roslaunch.pmon][INFO] 2018-02-26 11:51:36,521: ProcessMonitor exit: cleaning up data structures and signals
[roslaunch.pmon][INFO] 2018-02-26 11:51:36,522: ProcessMonitor exit: pmon has shutdown
[roslaunch][INFO] 2018-02-26 11:51:36,572: process monitor is done spinning, initiating full shutdown
[roslaunch][INFO] 2018-02-26 11:51:36,573: runner.stop()
[roslaunch][INFO] 2018-02-26 11:51:36,574: shutting down processing monitor...
[roslaunch][INFO] 2018-02-26 11:51:36,574: shutting down processing monitor <ProcessMonitor(ProcessMonitor-1, stopped daemon 140428431755008)>
[roslaunch.pmon][INFO] 2018-02-26 11:51:36,575: ProcessMonitor.shutdown <ProcessMonitor(ProcessMonitor-1, stopped daemon 140428431755008)>
[roslaunch][INFO] 2018-02-26 11:51:36,576: ... shutting down processing monitor complete
[roslaunch][INFO] 2018-02-26 11:51:36,576: done
[roslaunch.pmon][INFO] 2018-02-26 11:51:36,577: ProcessMonitor.shutdown <ProcessMonitor(ProcessMonitor-1, stopped daemon 140428431755008)>
[rospy.core][INFO] 2018-02-26 11:51:36,578: signal_shutdown [atexit]
