[roslaunch][INFO] 2018-02-26 12:02:05,654: Checking log directory for disk usage. This may take awhile.
Press Ctrl-C to interrupt
[roslaunch][INFO] 2018-02-26 12:02:05,660: Done checking log file disk usage. Usage is <1GB.
[roslaunch][INFO] 2018-02-26 12:02:05,660: roslaunch starting with args ['/opt/ros/kinetic/bin/roslaunch', 'turtle', 'launch.launch']
[roslaunch][INFO] 2018-02-26 12:02:05,661: roslaunch env is {'ROS_DISTRO': 'kinetic', 'GNOME_DESKTOP_SESSION_ID': 'this-is-deprecated', 'WINDOWPATH': '2', 'XDG_CURRENT_DESKTOP': 'GNOME', 'XDG_SESSION_TYPE': 'x11', 'ROSLISP_PACKAGE_DIRECTORIES': '/home/prawicki/lab1/devel/share/common-lisp', 'QT_IM_MODULE': 'ibus', 'LOGNAME': 'prawicki', 'USER': 'prawicki', 'HOME': '/home/prawicki', 'XDG_VTNR': '2', 'PATH': '/opt/ros/kinetic/bin:/usr/local/sbin:/usr/local/bin:/usr/sbin:/usr/bin:/sbin:/bin:/usr/games:/usr/local/games:/snap/bin', 'CMAKE_PREFIX_PATH': '/home/prawicki/lab1/devel:/opt/ros/kinetic', 'LD_LIBRARY_PATH': '/home/prawicki/lab1/devel/lib:/opt/ros/kinetic/lib:/opt/ros/kinetic/lib/x86_64-linux-gnu', 'SSH_AGENT_PID': '2185', 'LANG': 'pl_PL.UTF-8', 'TERM': 'xterm-256color', 'SHELL': '/bin/bash', 'ROS_LOG_FILENAME': '/home/prawicki/.ros/log/0f8b82ce-1add-11e8-8be1-ecb1d7313af9/roslaunch-tygrys.robotyka.ia.pw.edu.pl-22999.log', 'XAUTHORITY': '/run/user/1237800232/gdm/Xauthority', 'SESSION_MANAGER': 'local/tygrys.robotyka.ia.pw.edu.pl:@/tmp/.ICE-unix/2118,unix/tygrys.robotyka.ia.pw.edu.pl:/tmp/.ICE-unix/2118', 'SHLVL': '1', 'QT_LINUX_ACCESSIBILITY_ALWAYS_ON': '1', 'MANDATORY_PATH': '/usr/share/gconf/gnome.mandatory.path', 'CLUTTER_IM_MODULE': 'xim', 'DISPLAY': ':1', 'QT4_IM_MODULE': 'xim', 'QT_ACCESSIBILITY': '1', 'WINDOWID': '33560438', 'DESKTOP_AUTOSTART_ID': '10758ec6303384c7f151963620018026700000021180001', 'XMODIFIERS': '@im=ibus', 'ROS_ETC_DIR': '/opt/ros/kinetic/etc/ros', 'USERNAME': 'prawicki', 'XDG_SESSION_DESKTOP': 'gnome', 'XDG_RUNTIME_DIR': '/run/user/1237800232', 'PYTHONPATH': '/opt/ros/kinetic/lib/python2.7/dist-packages', 'SSH_AUTH_SOCK': '/run/user/1237800232/keyring/ssh', 'VTE_VERSION': '4205', 'ROS_ROOT': '/opt/ros/kinetic/share/ros', 'GDMSESSION': 'gnome', 'KRB5CCNAME': 'KEYRING:persistent:1237800232', 'PKG_CONFIG_PATH': '/home/prawicki/lab1/devel/lib/pkgconfig:/opt/ros/kinetic/lib/pkgconfig:/opt/ros/kinetic/lib/x86_64-linux-gnu/pkgconfig', 'ROS_PACKAGE_PATH': '/home/prawicki/lab1/src:/opt/ros/kinetic/share', 'XDG_SESSION_ID': '1', 'DBUS_SESSION_BUS_ADDRESS': 'unix:abstract=/tmp/dbus-3CzYeKwDDI,guid=04a217203026da7f46ac294e5a93cee6', '_': '/opt/ros/kinetic/bin/roslaunch', 'DEFAULTS_PATH': '/usr/share/gconf/gnome.default.path', 'GTK_IM_MODULE': 'ibus', 'DESKTOP_SESSION': 'gnome', 'XDG_CONFIG_DIRS': '/etc/xdg/xdg-gnome:/etc/xdg', 'GTK_MODULES': 'gail:atk-bridge', 'OLDPWD': '/home/prawicki', 'XDG_DATA_DIRS': '/usr/share/gnome:/usr/local/share:/usr/share:/var/lib/snapd/desktop:/var/lib/snapd/desktop', 'PWD': '/home/prawicki/lab1', 'ROS_MASTER_URI': 'http://localhost:11311', 'XDG_MENU_PREFIX': 'gnome-', 'XDG_SEAT': 'seat0'}
[roslaunch][INFO] 2018-02-26 12:02:05,662: starting in server mode
[roslaunch.parent][INFO] 2018-02-26 12:02:05,663: starting roslaunch parent run
[roslaunch][INFO] 2018-02-26 12:02:05,663: loading roscore config file /opt/ros/kinetic/etc/ros/roscore.xml
[roslaunch][INFO] 2018-02-26 12:02:05,741: Added core node of type [rosout/rosout] in namespace [/]
[roslaunch.config][INFO] 2018-02-26 12:02:05,742: loading config file /home/prawicki/lab1/src/turtle/launch/launch.launch
[roslaunch][INFO] 2018-02-26 12:02:05,744: Added node of type [turtlesim/turtlesim_node] in namespace [/]
[roslaunch][INFO] 2018-02-26 12:02:05,744: Added node of type [turtle/zolw] in namespace [/]
[roslaunch][INFO] 2018-02-26 12:02:05,745: ... selected machine [] for node of type [turtlesim/turtlesim_node]
[roslaunch][INFO] 2018-02-26 12:02:05,746: ... selected machine [] for node of type [turtle/zolw]
[roslaunch.pmon][INFO] 2018-02-26 12:02:05,747: start_process_monitor: creating ProcessMonitor
[roslaunch.pmon][INFO] 2018-02-26 12:02:05,748: created process monitor <ProcessMonitor(ProcessMonitor-1, initial daemon)>
[roslaunch.pmon][INFO] 2018-02-26 12:02:05,748: start_process_monitor: ProcessMonitor started
[roslaunch.parent][INFO] 2018-02-26 12:02:05,749: starting parent XML-RPC server
[roslaunch.server][INFO] 2018-02-26 12:02:05,749: starting roslaunch XML-RPC server
[roslaunch.server][INFO] 2018-02-26 12:02:05,750: waiting for roslaunch XML-RPC server to initialize
[xmlrpc][INFO] 2018-02-26 12:02:05,750: XML-RPC server binding to 0.0.0.0:0
[xmlrpc][INFO] 2018-02-26 12:02:05,751: Started XML-RPC server [http://tygrys.robotyka.ia.pw.edu.pl:35157/]
[xmlrpc][INFO] 2018-02-26 12:02:05,751: xml rpc node: starting XML-RPC server
[roslaunch][INFO] 2018-02-26 12:02:05,762: started roslaunch server http://tygrys.robotyka.ia.pw.edu.pl:35157/
[roslaunch.parent][INFO] 2018-02-26 12:02:05,763: ... parent XML-RPC server started
[roslaunch][INFO] 2018-02-26 12:02:05,764: master.is_running[http://localhost:11311]
[roslaunch][INFO] 2018-02-26 12:02:05,765: master.is_running[http://localhost:11311]
[roslaunch][INFO] 2018-02-26 12:02:05,767: ROS_MASTER_URI=http://localhost:11311
[roslaunch][INFO] 2018-02-26 12:02:05,769: setting /roslaunch/uris/host_tygrys_robotyka_ia_pw_edu_pl__35157' to http://tygrys.robotyka.ia.pw.edu.pl:35157/
[roslaunch][INFO] 2018-02-26 12:02:05,770: load_parameters starting ...
[roslaunch][INFO] 2018-02-26 12:02:05,774: ... load_parameters complete
[roslaunch][INFO] 2018-02-26 12:02:05,774: launch_nodes: launching local nodes ...
[roslaunch][INFO] 2018-02-26 12:02:05,775: ... preparing to launch node of type [turtlesim/turtlesim_node]
[roslaunch][INFO] 2018-02-26 12:02:05,776: create_node_process: package[turtlesim] type[turtlesim_node] machine[Machine(name[] env_loader[None] address[localhost] ssh_port[22] user[None] assignable[True] timeout[10.0])] master_uri[http://localhost:11311]
[roslaunch][INFO] 2018-02-26 12:02:05,777: process[turtlesim-1]: env[{'WINDOWID': '33560438', 'ROS_DISTRO': 'kinetic', 'GNOME_DESKTOP_SESSION_ID': 'this-is-deprecated', 'XDG_CURRENT_DESKTOP': 'GNOME', 'XDG_SESSION_TYPE': 'x11', 'ROSLISP_PACKAGE_DIRECTORIES': '/home/prawicki/lab1/devel/share/common-lisp', 'QT_IM_MODULE': 'ibus', 'LOGNAME': 'prawicki', 'USER': 'prawicki', 'HOME': '/home/prawicki', 'XDG_VTNR': '2', 'PATH': '/opt/ros/kinetic/bin:/usr/local/sbin:/usr/local/bin:/usr/sbin:/usr/bin:/sbin:/bin:/usr/games:/usr/local/games:/snap/bin', 'CMAKE_PREFIX_PATH': '/home/prawicki/lab1/devel:/opt/ros/kinetic', 'ROS_LOG_FILENAME': '/home/prawicki/.ros/log/0f8b82ce-1add-11e8-8be1-ecb1d7313af9/roslaunch-tygrys.robotyka.ia.pw.edu.pl-22999.log', 'SSH_AGENT_PID': '2185', 'LANG': 'pl_PL.UTF-8', 'TERM': 'xterm-256color', 'SHELL': '/bin/bash', 'XAUTHORITY': '/run/user/1237800232/gdm/Xauthority', 'SESSION_MANAGER': 'local/tygrys.robotyka.ia.pw.edu.pl:@/tmp/.ICE-unix/2118,unix/tygrys.robotyka.ia.pw.edu.pl:/tmp/.ICE-unix/2118', 'SHLVL': '1', 'QT_LINUX_ACCESSIBILITY_ALWAYS_ON': '1', 'MANDATORY_PATH': '/usr/share/gconf/gnome.mandatory.path', 'QT_ACCESSIBILITY': '1', 'LD_LIBRARY_PATH': '/home/prawicki/lab1/devel/lib:/opt/ros/kinetic/lib:/opt/ros/kinetic/lib/x86_64-linux-gnu', 'QT4_IM_MODULE': 'xim', 'CLUTTER_IM_MODULE': 'xim', 'WINDOWPATH': '2', 'DESKTOP_AUTOSTART_ID': '10758ec6303384c7f151963620018026700000021180001', 'XMODIFIERS': '@im=ibus', 'ROS_MASTER_URI': 'http://localhost:11311', 'USERNAME': 'prawicki', 'XDG_SESSION_DESKTOP': 'gnome', 'XDG_RUNTIME_DIR': '/run/user/1237800232', 'PYTHONPATH': '/opt/ros/kinetic/lib/python2.7/dist-packages', 'SSH_AUTH_SOCK': '/run/user/1237800232/keyring/ssh', 'VTE_VERSION': '4205', 'ROS_ROOT': '/opt/ros/kinetic/share/ros', 'GDMSESSION': 'gnome', 'KRB5CCNAME': 'KEYRING:persistent:1237800232', 'PKG_CONFIG_PATH': '/home/prawicki/lab1/devel/lib/pkgconfig:/opt/ros/kinetic/lib/pkgconfig:/opt/ros/kinetic/lib/x86_64-linux-gnu/pkgconfig', 'ROS_PACKAGE_PATH': '/home/prawicki/lab1/src:/opt/ros/kinetic/share', 'XDG_SESSION_ID': '1', 'DBUS_SESSION_BUS_ADDRESS': 'unix:abstract=/tmp/dbus-3CzYeKwDDI,guid=04a217203026da7f46ac294e5a93cee6', '_': '/opt/ros/kinetic/bin/roslaunch', 'GTK_MODULES': 'gail:atk-bridge', 'GTK_IM_MODULE': 'ibus', 'DESKTOP_SESSION': 'gnome', 'DISPLAY': ':1', 'DEFAULTS_PATH': '/usr/share/gconf/gnome.default.path', 'OLDPWD': '/home/prawicki', 'XDG_DATA_DIRS': '/usr/share/gnome:/usr/local/share:/usr/share:/var/lib/snapd/desktop:/var/lib/snapd/desktop', 'PWD': '/home/prawicki/lab1', 'ROS_ETC_DIR': '/opt/ros/kinetic/etc/ros', 'XDG_MENU_PREFIX': 'gnome-', 'XDG_CONFIG_DIRS': '/etc/xdg/xdg-gnome:/etc/xdg', 'XDG_SEAT': 'seat0'}]
[roslaunch][INFO] 2018-02-26 12:02:05,804: process[turtlesim-1]: args[[u'/opt/ros/kinetic/lib/turtlesim/turtlesim_node', u'__name:=turtlesim']]
[roslaunch][INFO] 2018-02-26 12:02:05,805: ... created process [turtlesim-1]
[roslaunch.pmon][INFO] 2018-02-26 12:02:05,805: ProcessMonitor.register[turtlesim-1]
[roslaunch.pmon][INFO] 2018-02-26 12:02:05,806: ProcessMonitor.register[turtlesim-1] complete
[roslaunch][INFO] 2018-02-26 12:02:05,806: ... registered process [turtlesim-1]
[roslaunch][INFO] 2018-02-26 12:02:05,807: process[turtlesim-1]: starting os process
[roslaunch][INFO] 2018-02-26 12:02:05,808: process[turtlesim-1]: start w/ args [[u'/opt/ros/kinetic/lib/turtlesim/turtlesim_node', u'__name:=turtlesim', u'__log:=/home/prawicki/.ros/log/0f8b82ce-1add-11e8-8be1-ecb1d7313af9/turtlesim-1.log']]
[roslaunch][INFO] 2018-02-26 12:02:05,809: process[turtlesim-1]: cwd will be [/home/prawicki/.ros]
[roslaunch][INFO] 2018-02-26 12:02:05,813: process[turtlesim-1]: started with pid [23016]
[roslaunch][INFO] 2018-02-26 12:02:05,813: ... successfully launched [turtlesim-1]
[roslaunch][INFO] 2018-02-26 12:02:05,814: ... preparing to launch node of type [turtle/zolw]
[roslaunch][INFO] 2018-02-26 12:02:05,815: create_node_process: package[turtle] type[zolw] machine[Machine(name[] env_loader[None] address[localhost] ssh_port[22] user[None] assignable[True] timeout[10.0])] master_uri[http://localhost:11311]
[roslaunch][INFO] 2018-02-26 12:02:05,815: process[talker-2]: env[{'WINDOWID': '33560438', 'ROS_DISTRO': 'kinetic', 'GNOME_DESKTOP_SESSION_ID': 'this-is-deprecated', 'XDG_CURRENT_DESKTOP': 'GNOME', 'XDG_SESSION_TYPE': 'x11', 'ROSLISP_PACKAGE_DIRECTORIES': '/home/prawicki/lab1/devel/share/common-lisp', 'QT_IM_MODULE': 'ibus', 'LOGNAME': 'prawicki', 'USER': 'prawicki', 'HOME': '/home/prawicki', 'XDG_VTNR': '2', 'PATH': '/opt/ros/kinetic/bin:/usr/local/sbin:/usr/local/bin:/usr/sbin:/usr/bin:/sbin:/bin:/usr/games:/usr/local/games:/snap/bin', 'CMAKE_PREFIX_PATH': '/home/prawicki/lab1/devel:/opt/ros/kinetic', 'ROS_LOG_FILENAME': '/home/prawicki/.ros/log/0f8b82ce-1add-11e8-8be1-ecb1d7313af9/roslaunch-tygrys.robotyka.ia.pw.edu.pl-22999.log', 'SSH_AGENT_PID': '2185', 'LANG': 'pl_PL.UTF-8', 'TERM': 'xterm-256color', 'SHELL': '/bin/bash', 'XAUTHORITY': '/run/user/1237800232/gdm/Xauthority', 'SESSION_MANAGER': 'local/tygrys.robotyka.ia.pw.edu.pl:@/tmp/.ICE-unix/2118,unix/tygrys.robotyka.ia.pw.edu.pl:/tmp/.ICE-unix/2118', 'SHLVL': '1', 'QT_LINUX_ACCESSIBILITY_ALWAYS_ON': '1', 'MANDATORY_PATH': '/usr/share/gconf/gnome.mandatory.path', 'QT_ACCESSIBILITY': '1', 'LD_LIBRARY_PATH': '/home/prawicki/lab1/devel/lib:/opt/ros/kinetic/lib:/opt/ros/kinetic/lib/x86_64-linux-gnu', 'QT4_IM_MODULE': 'xim', 'CLUTTER_IM_MODULE': 'xim', 'WINDOWPATH': '2', 'DESKTOP_AUTOSTART_ID': '10758ec6303384c7f151963620018026700000021180001', 'XMODIFIERS': '@im=ibus', 'ROS_MASTER_URI': 'http://localhost:11311', 'USERNAME': 'prawicki', 'XDG_SESSION_DESKTOP': 'gnome', 'XDG_RUNTIME_DIR': '/run/user/1237800232', 'PYTHONPATH': '/opt/ros/kinetic/lib/python2.7/dist-packages', 'SSH_AUTH_SOCK': '/run/user/1237800232/keyring/ssh', 'VTE_VERSION': '4205', 'ROS_ROOT': '/opt/ros/kinetic/share/ros', 'GDMSESSION': 'gnome', 'KRB5CCNAME': 'KEYRING:persistent:1237800232', 'PKG_CONFIG_PATH': '/home/prawicki/lab1/devel/lib/pkgconfig:/opt/ros/kinetic/lib/pkgconfig:/opt/ros/kinetic/lib/x86_64-linux-gnu/pkgconfig', 'ROS_PACKAGE_PATH': '/home/prawicki/lab1/src:/opt/ros/kinetic/share', 'XDG_SESSION_ID': '1', 'DBUS_SESSION_BUS_ADDRESS': 'unix:abstract=/tmp/dbus-3CzYeKwDDI,guid=04a217203026da7f46ac294e5a93cee6', '_': '/opt/ros/kinetic/bin/roslaunch', 'GTK_MODULES': 'gail:atk-bridge', 'GTK_IM_MODULE': 'ibus', 'DESKTOP_SESSION': 'gnome', 'DISPLAY': ':1', 'DEFAULTS_PATH': '/usr/share/gconf/gnome.default.path', 'OLDPWD': '/home/prawicki', 'XDG_DATA_DIRS': '/usr/share/gnome:/usr/local/share:/usr/share:/var/lib/snapd/desktop:/var/lib/snapd/desktop', 'PWD': '/home/prawicki/lab1', 'ROS_ETC_DIR': '/opt/ros/kinetic/etc/ros', 'XDG_MENU_PREFIX': 'gnome-', 'XDG_CONFIG_DIRS': '/etc/xdg/xdg-gnome:/etc/xdg', 'XDG_SEAT': 'seat0'}]
[roslaunch][INFO] 2018-02-26 12:02:05,821: process[talker-2]: args[[u'/home/prawicki/lab1/devel/lib/turtle/zolw', u'__name:=talker']]
[roslaunch][INFO] 2018-02-26 12:02:05,822: ... created process [talker-2]
[roslaunch.pmon][INFO] 2018-02-26 12:02:05,823: ProcessMonitor.register[talker-2]
[roslaunch.pmon][INFO] 2018-02-26 12:02:05,823: ProcessMonitor.register[talker-2] complete
[roslaunch][INFO] 2018-02-26 12:02:05,823: ... registered process [talker-2]
[roslaunch][INFO] 2018-02-26 12:02:05,824: process[talker-2]: starting os process
[roslaunch][INFO] 2018-02-26 12:02:05,825: process[talker-2]: start w/ args [[u'/home/prawicki/lab1/devel/lib/turtle/zolw', u'__name:=talker', u'__log:=/home/prawicki/.ros/log/0f8b82ce-1add-11e8-8be1-ecb1d7313af9/talker-2.log']]
[roslaunch][INFO] 2018-02-26 12:02:05,826: process[talker-2]: cwd will be [/home/prawicki/.ros]
[roslaunch][INFO] 2018-02-26 12:02:05,830: process[talker-2]: started with pid [23018]
[roslaunch][INFO] 2018-02-26 12:02:05,831: ... successfully launched [talker-2]
[roslaunch][INFO] 2018-02-26 12:02:05,831: ... launch_nodes complete
[roslaunch.pmon][INFO] 2018-02-26 12:02:05,832: registrations completed <ProcessMonitor(ProcessMonitor-1, started daemon 140475122059008)>
[roslaunch.parent][INFO] 2018-02-26 12:02:05,833: ... roslaunch parent running, waiting for process exit
[roslaunch][INFO] 2018-02-26 12:02:05,833: spin
