[roslaunch][INFO] 2018-02-26 11:54:27,135: Checking log directory for disk usage. This may take awhile.
Press Ctrl-C to interrupt
[roslaunch][INFO] 2018-02-26 11:54:27,141: Done checking log file disk usage. Usage is <1GB.
[roslaunch][INFO] 2018-02-26 11:54:27,141: roslaunch starting with args ['/opt/ros/kinetic/bin/roslaunch', 'turtle', 'launch.launch']
[roslaunch][INFO] 2018-02-26 11:54:27,142: roslaunch env is {'ROS_DISTRO': 'kinetic', 'GNOME_DESKTOP_SESSION_ID': 'this-is-deprecated', 'WINDOWPATH': '2', 'XDG_CURRENT_DESKTOP': 'GNOME', 'XDG_SESSION_TYPE': 'x11', 'ROSLISP_PACKAGE_DIRECTORIES': '/home/prawicki/lab1/devel/share/common-lisp', 'QT_IM_MODULE': 'ibus', 'LOGNAME': 'prawicki', 'USER': 'prawicki', 'HOME': '/home/prawicki', 'XDG_VTNR': '2', 'PATH': '/opt/ros/kinetic/bin:/usr/local/sbin:/usr/local/bin:/usr/sbin:/usr/bin:/sbin:/bin:/usr/games:/usr/local/games:/snap/bin', 'CMAKE_PREFIX_PATH': '/home/prawicki/lab1/devel:/opt/ros/kinetic', 'LD_LIBRARY_PATH': '/home/prawicki/lab1/devel/lib:/opt/ros/kinetic/lib:/opt/ros/kinetic/lib/x86_64-linux-gnu', 'SSH_AGENT_PID': '2185', 'LANG': 'pl_PL.UTF-8', 'TERM': 'xterm-256color', 'SHELL': '/bin/bash', 'ROS_LOG_FILENAME': '/home/prawicki/.ros/log/0f8b82ce-1add-11e8-8be1-ecb1d7313af9/roslaunch-tygrys.robotyka.ia.pw.edu.pl-22472.log', 'XAUTHORITY': '/run/user/1237800232/gdm/Xauthority', 'SESSION_MANAGER': 'local/tygrys.robotyka.ia.pw.edu.pl:@/tmp/.ICE-unix/2118,unix/tygrys.robotyka.ia.pw.edu.pl:/tmp/.ICE-unix/2118', 'SHLVL': '1', 'QT_LINUX_ACCESSIBILITY_ALWAYS_ON': '1', 'MANDATORY_PATH': '/usr/share/gconf/gnome.mandatory.path', 'CLUTTER_IM_MODULE': 'xim', 'DISPLAY': ':1', 'QT4_IM_MODULE': 'xim', 'QT_ACCESSIBILITY': '1', 'WINDOWID': '33560438', 'DESKTOP_AUTOSTART_ID': '10758ec6303384c7f151963620018026700000021180001', 'XMODIFIERS': '@im=ibus', 'ROS_ETC_DIR': '/opt/ros/kinetic/etc/ros', 'USERNAME': 'prawicki', 'XDG_SESSION_DESKTOP': 'gnome', 'XDG_RUNTIME_DIR': '/run/user/1237800232', 'PYTHONPATH': '/opt/ros/kinetic/lib/python2.7/dist-packages', 'SSH_AUTH_SOCK': '/run/user/1237800232/keyring/ssh', 'VTE_VERSION': '4205', 'ROS_ROOT': '/opt/ros/kinetic/share/ros', 'GDMSESSION': 'gnome', 'KRB5CCNAME': 'KEYRING:persistent:1237800232', 'PKG_CONFIG_PATH': '/home/prawicki/lab1/devel/lib/pkgconfig:/opt/ros/kinetic/lib/pkgconfig:/opt/ros/kinetic/lib/x86_64-linux-gnu/pkgconfig', 'ROS_PACKAGE_PATH': '/home/prawicki/lab1/src:/opt/ros/kinetic/share', 'XDG_SESSION_ID': '1', 'DBUS_SESSION_BUS_ADDRESS': 'unix:abstract=/tmp/dbus-3CzYeKwDDI,guid=04a217203026da7f46ac294e5a93cee6', '_': '/opt/ros/kinetic/bin/roslaunch', 'DEFAULTS_PATH': '/usr/share/gconf/gnome.default.path', 'GTK_IM_MODULE': 'ibus', 'DESKTOP_SESSION': 'gnome', 'XDG_CONFIG_DIRS': '/etc/xdg/xdg-gnome:/etc/xdg', 'GTK_MODULES': 'gail:atk-bridge', 'OLDPWD': '/home/prawicki', 'XDG_DATA_DIRS': '/usr/share/gnome:/usr/local/share:/usr/share:/var/lib/snapd/desktop:/var/lib/snapd/desktop', 'PWD': '/home/prawicki/lab1', 'ROS_MASTER_URI': 'http://localhost:11311', 'XDG_MENU_PREFIX': 'gnome-', 'XDG_SEAT': 'seat0'}
[roslaunch][INFO] 2018-02-26 11:54:27,142: starting in server mode
[roslaunch.parent][INFO] 2018-02-26 11:54:27,143: starting roslaunch parent run
[roslaunch][INFO] 2018-02-26 11:54:27,144: loading roscore config file /opt/ros/kinetic/etc/ros/roscore.xml
[roslaunch][INFO] 2018-02-26 11:54:27,222: Added core node of type [rosout/rosout] in namespace [/]
[roslaunch.config][INFO] 2018-02-26 11:54:27,223: loading config file /home/prawicki/lab1/src/turtle/launch/launch.launch
[roslaunch][INFO] 2018-02-26 11:54:27,225: Added node of type [turtlesim/turtlesim_node] in namespace [/]
[roslaunch][INFO] 2018-02-26 11:54:27,226: Added node of type [turtle/talker] in namespace [/]
[roslaunch][INFO] 2018-02-26 11:54:27,226: ... selected machine [] for node of type [turtlesim/turtlesim_node]
[roslaunch][INFO] 2018-02-26 11:54:27,227: ... selected machine [] for node of type [turtle/talker]
[roslaunch.pmon][INFO] 2018-02-26 11:54:27,228: start_process_monitor: creating ProcessMonitor
[roslaunch.pmon][INFO] 2018-02-26 11:54:27,229: created process monitor <ProcessMonitor(ProcessMonitor-1, initial daemon)>
[roslaunch.pmon][INFO] 2018-02-26 11:54:27,230: start_process_monitor: ProcessMonitor started
[roslaunch.parent][INFO] 2018-02-26 11:54:27,230: starting parent XML-RPC server
[roslaunch.server][INFO] 2018-02-26 11:54:27,231: starting roslaunch XML-RPC server
[roslaunch.server][INFO] 2018-02-26 11:54:27,232: waiting for roslaunch XML-RPC server to initialize
[xmlrpc][INFO] 2018-02-26 11:54:27,232: XML-RPC server binding to 0.0.0.0:0
[xmlrpc][INFO] 2018-02-26 11:54:27,233: Started XML-RPC server [http://tygrys.robotyka.ia.pw.edu.pl:44493/]
[xmlrpc][INFO] 2018-02-26 11:54:27,233: xml rpc node: starting XML-RPC server
[roslaunch][INFO] 2018-02-26 11:54:27,244: started roslaunch server http://tygrys.robotyka.ia.pw.edu.pl:44493/
[roslaunch.parent][INFO] 2018-02-26 11:54:27,245: ... parent XML-RPC server started
[roslaunch][INFO] 2018-02-26 11:54:27,246: master.is_running[http://localhost:11311]
[roslaunch][INFO] 2018-02-26 11:54:27,247: master.is_running[http://localhost:11311]
[roslaunch][INFO] 2018-02-26 11:54:27,248: ROS_MASTER_URI=http://localhost:11311
[roslaunch][INFO] 2018-02-26 11:54:27,250: setting /roslaunch/uris/host_tygrys_robotyka_ia_pw_edu_pl__44493' to http://tygrys.robotyka.ia.pw.edu.pl:44493/
[roslaunch][INFO] 2018-02-26 11:54:27,251: load_parameters starting ...
[roslaunch][INFO] 2018-02-26 11:54:27,254: ... load_parameters complete
[roslaunch][INFO] 2018-02-26 11:54:27,255: launch_nodes: launching local nodes ...
[roslaunch][INFO] 2018-02-26 11:54:27,255: ... preparing to launch node of type [turtlesim/turtlesim_node]
[roslaunch][INFO] 2018-02-26 11:54:27,256: create_node_process: package[turtlesim] type[turtlesim_node] machine[Machine(name[] env_loader[None] address[localhost] ssh_port[22] user[None] assignable[True] timeout[10.0])] master_uri[http://localhost:11311]
[roslaunch][INFO] 2018-02-26 11:54:27,256: process[sim-1]: env[{'WINDOWID': '33560438', 'ROS_DISTRO': 'kinetic', 'GNOME_DESKTOP_SESSION_ID': 'this-is-deprecated', 'XDG_CURRENT_DESKTOP': 'GNOME', 'XDG_SESSION_TYPE': 'x11', 'ROSLISP_PACKAGE_DIRECTORIES': '/home/prawicki/lab1/devel/share/common-lisp', 'QT_IM_MODULE': 'ibus', 'LOGNAME': 'prawicki', 'USER': 'prawicki', 'HOME': '/home/prawicki', 'XDG_VTNR': '2', 'PATH': '/opt/ros/kinetic/bin:/usr/local/sbin:/usr/local/bin:/usr/sbin:/usr/bin:/sbin:/bin:/usr/games:/usr/local/games:/snap/bin', 'CMAKE_PREFIX_PATH': '/home/prawicki/lab1/devel:/opt/ros/kinetic', 'ROS_LOG_FILENAME': '/home/prawicki/.ros/log/0f8b82ce-1add-11e8-8be1-ecb1d7313af9/roslaunch-tygrys.robotyka.ia.pw.edu.pl-22472.log', 'SSH_AGENT_PID': '2185', 'LANG': 'pl_PL.UTF-8', 'TERM': 'xterm-256color', 'SHELL': '/bin/bash', 'XAUTHORITY': '/run/user/1237800232/gdm/Xauthority', 'SESSION_MANAGER': 'local/tygrys.robotyka.ia.pw.edu.pl:@/tmp/.ICE-unix/2118,unix/tygrys.robotyka.ia.pw.edu.pl:/tmp/.ICE-unix/2118', 'SHLVL': '1', 'QT_LINUX_ACCESSIBILITY_ALWAYS_ON': '1', 'MANDATORY_PATH': '/usr/share/gconf/gnome.mandatory.path', 'QT_ACCESSIBILITY': '1', 'LD_LIBRARY_PATH': '/home/prawicki/lab1/devel/lib:/opt/ros/kinetic/lib:/opt/ros/kinetic/lib/x86_64-linux-gnu', 'QT4_IM_MODULE': 'xim', 'CLUTTER_IM_MODULE': 'xim', 'WINDOWPATH': '2', 'DESKTOP_AUTOSTART_ID': '10758ec6303384c7f151963620018026700000021180001', 'XMODIFIERS': '@im=ibus', 'ROS_MASTER_URI': 'http://localhost:11311', 'USERNAME': 'prawicki', 'XDG_SESSION_DESKTOP': 'gnome', 'XDG_RUNTIME_DIR': '/run/user/1237800232', 'PYTHONPATH': '/opt/ros/kinetic/lib/python2.7/dist-packages', 'SSH_AUTH_SOCK': '/run/user/1237800232/keyring/ssh', 'VTE_VERSION': '4205', 'ROS_ROOT': '/opt/ros/kinetic/share/ros', 'GDMSESSION': 'gnome', 'KRB5CCNAME': 'KEYRING:persistent:1237800232', 'PKG_CONFIG_PATH': '/home/prawicki/lab1/devel/lib/pkgconfig:/opt/ros/kinetic/lib/pkgconfig:/opt/ros/kinetic/lib/x86_64-linux-gnu/pkgconfig', 'ROS_PACKAGE_PATH': '/home/prawicki/lab1/src:/opt/ros/kinetic/share', 'XDG_SESSION_ID': '1', 'DBUS_SESSION_BUS_ADDRESS': 'unix:abstract=/tmp/dbus-3CzYeKwDDI,guid=04a217203026da7f46ac294e5a93cee6', '_': '/opt/ros/kinetic/bin/roslaunch', 'GTK_MODULES': 'gail:atk-bridge', 'GTK_IM_MODULE': 'ibus', 'DESKTOP_SESSION': 'gnome', 'DISPLAY': ':1', 'DEFAULTS_PATH': '/usr/share/gconf/gnome.default.path', 'OLDPWD': '/home/prawicki', 'XDG_DATA_DIRS': '/usr/share/gnome:/usr/local/share:/usr/share:/var/lib/snapd/desktop:/var/lib/snapd/desktop', 'PWD': '/home/prawicki/lab1', 'ROS_ETC_DIR': '/opt/ros/kinetic/etc/ros', 'XDG_MENU_PREFIX': 'gnome-', 'XDG_CONFIG_DIRS': '/etc/xdg/xdg-gnome:/etc/xdg', 'XDG_SEAT': 'seat0'}]
[roslaunch][INFO] 2018-02-26 11:54:27,284: process[sim-1]: args[[u'/opt/ros/kinetic/lib/turtlesim/turtlesim_node', u'__name:=sim']]
[roslaunch][INFO] 2018-02-26 11:54:27,284: ... created process [sim-1]
[roslaunch.pmon][INFO] 2018-02-26 11:54:27,285: ProcessMonitor.register[sim-1]
[roslaunch.pmon][INFO] 2018-02-26 11:54:27,286: ProcessMonitor.register[sim-1] complete
[roslaunch][INFO] 2018-02-26 11:54:27,286: ... registered process [sim-1]
[roslaunch][INFO] 2018-02-26 11:54:27,287: process[sim-1]: starting os process
[roslaunch][INFO] 2018-02-26 11:54:27,288: process[sim-1]: start w/ args [[u'/opt/ros/kinetic/lib/turtlesim/turtlesim_node', u'__name:=sim', u'__log:=/home/prawicki/.ros/log/0f8b82ce-1add-11e8-8be1-ecb1d7313af9/sim-1.log']]
[roslaunch][INFO] 2018-02-26 11:54:27,288: process[sim-1]: cwd will be [/home/prawicki/.ros]
[roslaunch][INFO] 2018-02-26 11:54:27,293: process[sim-1]: started with pid [22489]
[roslaunch][INFO] 2018-02-26 11:54:27,293: ... successfully launched [sim-1]
[roslaunch][INFO] 2018-02-26 11:54:27,294: ... preparing to launch node of type [turtle/talker]
[roslaunch][INFO] 2018-02-26 11:54:27,294: create_node_process: package[turtle] type[talker] machine[Machine(name[] env_loader[None] address[localhost] ssh_port[22] user[None] assignable[True] timeout[10.0])] master_uri[http://localhost:11311]
[roslaunch][INFO] 2018-02-26 11:54:27,295: process[zolww-2]: env[{'WINDOWID': '33560438', 'ROS_DISTRO': 'kinetic', 'GNOME_DESKTOP_SESSION_ID': 'this-is-deprecated', 'XDG_CURRENT_DESKTOP': 'GNOME', 'XDG_SESSION_TYPE': 'x11', 'ROSLISP_PACKAGE_DIRECTORIES': '/home/prawicki/lab1/devel/share/common-lisp', 'QT_IM_MODULE': 'ibus', 'LOGNAME': 'prawicki', 'USER': 'prawicki', 'HOME': '/home/prawicki', 'XDG_VTNR': '2', 'PATH': '/opt/ros/kinetic/bin:/usr/local/sbin:/usr/local/bin:/usr/sbin:/usr/bin:/sbin:/bin:/usr/games:/usr/local/games:/snap/bin', 'CMAKE_PREFIX_PATH': '/home/prawicki/lab1/devel:/opt/ros/kinetic', 'ROS_LOG_FILENAME': '/home/prawicki/.ros/log/0f8b82ce-1add-11e8-8be1-ecb1d7313af9/roslaunch-tygrys.robotyka.ia.pw.edu.pl-22472.log', 'SSH_AGENT_PID': '2185', 'LANG': 'pl_PL.UTF-8', 'TERM': 'xterm-256color', 'SHELL': '/bin/bash', 'XAUTHORITY': '/run/user/1237800232/gdm/Xauthority', 'SESSION_MANAGER': 'local/tygrys.robotyka.ia.pw.edu.pl:@/tmp/.ICE-unix/2118,unix/tygrys.robotyka.ia.pw.edu.pl:/tmp/.ICE-unix/2118', 'SHLVL': '1', 'QT_LINUX_ACCESSIBILITY_ALWAYS_ON': '1', 'MANDATORY_PATH': '/usr/share/gconf/gnome.mandatory.path', 'QT_ACCESSIBILITY': '1', 'LD_LIBRARY_PATH': '/home/prawicki/lab1/devel/lib:/opt/ros/kinetic/lib:/opt/ros/kinetic/lib/x86_64-linux-gnu', 'QT4_IM_MODULE': 'xim', 'CLUTTER_IM_MODULE': 'xim', 'WINDOWPATH': '2', 'DESKTOP_AUTOSTART_ID': '10758ec6303384c7f151963620018026700000021180001', 'XMODIFIERS': '@im=ibus', 'ROS_MASTER_URI': 'http://localhost:11311', 'USERNAME': 'prawicki', 'XDG_SESSION_DESKTOP': 'gnome', 'XDG_RUNTIME_DIR': '/run/user/1237800232', 'PYTHONPATH': '/opt/ros/kinetic/lib/python2.7/dist-packages', 'SSH_AUTH_SOCK': '/run/user/1237800232/keyring/ssh', 'VTE_VERSION': '4205', 'ROS_ROOT': '/opt/ros/kinetic/share/ros', 'GDMSESSION': 'gnome', 'KRB5CCNAME': 'KEYRING:persistent:1237800232', 'PKG_CONFIG_PATH': '/home/prawicki/lab1/devel/lib/pkgconfig:/opt/ros/kinetic/lib/pkgconfig:/opt/ros/kinetic/lib/x86_64-linux-gnu/pkgconfig', 'ROS_PACKAGE_PATH': '/home/prawicki/lab1/src:/opt/ros/kinetic/share', 'XDG_SESSION_ID': '1', 'DBUS_SESSION_BUS_ADDRESS': 'unix:abstract=/tmp/dbus-3CzYeKwDDI,guid=04a217203026da7f46ac294e5a93cee6', '_': '/opt/ros/kinetic/bin/roslaunch', 'GTK_MODULES': 'gail:atk-bridge', 'GTK_IM_MODULE': 'ibus', 'DESKTOP_SESSION': 'gnome', 'DISPLAY': ':1', 'DEFAULTS_PATH': '/usr/share/gconf/gnome.default.path', 'OLDPWD': '/home/prawicki', 'XDG_DATA_DIRS': '/usr/share/gnome:/usr/local/share:/usr/share:/var/lib/snapd/desktop:/var/lib/snapd/desktop', 'PWD': '/home/prawicki/lab1', 'ROS_ETC_DIR': '/opt/ros/kinetic/etc/ros', 'XDG_MENU_PREFIX': 'gnome-', 'XDG_CONFIG_DIRS': '/etc/xdg/xdg-gnome:/etc/xdg', 'XDG_SEAT': 'seat0'}]
[roslaunch][ERROR] 2018-02-26 11:54:27,299: can't locate node [talker] in package [turtle]
[roslaunch][ERROR] 2018-02-26 11:54:27,300: ERROR: cannot launch node of type [turtle/talker]: can't locate node [talker] in package [turtle]
[roslaunch][INFO] 2018-02-26 11:54:27,300: ... launch_nodes complete
[roslaunch.pmon][INFO] 2018-02-26 11:54:27,301: registrations completed <ProcessMonitor(ProcessMonitor-1, started daemon 140180627523328)>
[roslaunch.parent][INFO] 2018-02-26 11:54:27,301: ... roslaunch parent running, waiting for process exit
[roslaunch][INFO] 2018-02-26 11:54:27,302: spin
[roslaunch.pmon][INFO] 2018-02-26 11:54:48,148: ProcessMonitor.shutdown <ProcessMonitor(ProcessMonitor-1, started daemon 140180627523328)>
[roslaunch.pmon][INFO] 2018-02-26 11:54:48,181: ProcessMonitor._post_run <ProcessMonitor(ProcessMonitor-1, started daemon 140180627523328)>
[roslaunch.pmon][INFO] 2018-02-26 11:54:48,182: ProcessMonitor._post_run <ProcessMonitor(ProcessMonitor-1, started daemon 140180627523328)>: remaining procs are [<roslaunch.nodeprocess.LocalProcess object at 0x7f7e58a2f8d0>]
[roslaunch.pmon][INFO] 2018-02-26 11:54:48,183: ProcessMonitor exit: killing sim-1
[roslaunch][INFO] 2018-02-26 11:54:48,184: [sim-1] killing on exit
[roslaunch][INFO] 2018-02-26 11:54:48,185: process[sim-1]: killing os process with pid[22489] pgid[22489]
[roslaunch][INFO] 2018-02-26 11:54:48,185: [sim-1] sending SIGINT to pgid [22489]
[roslaunch][INFO] 2018-02-26 11:54:48,186: [sim-1] sent SIGINT to pgid [22489]
[roslaunch][INFO] 2018-02-26 11:54:48,287: process[sim-1]: SIGINT killed with return value -2
[roslaunch.pmon][INFO] 2018-02-26 11:54:48,288: ProcessMonitor exit: cleaning up data structures and signals
[roslaunch.pmon][INFO] 2018-02-26 11:54:48,288: ProcessMonitor exit: pmon has shutdown
[roslaunch][INFO] 2018-02-26 11:54:48,313: process monitor is done spinning, initiating full shutdown
[roslaunch][INFO] 2018-02-26 11:54:48,314: runner.stop()
[roslaunch][INFO] 2018-02-26 11:54:48,315: shutting down processing monitor...
[roslaunch][INFO] 2018-02-26 11:54:48,316: shutting down processing monitor <ProcessMonitor(ProcessMonitor-1, stopped daemon 140180627523328)>
[roslaunch.pmon][INFO] 2018-02-26 11:54:48,316: ProcessMonitor.shutdown <ProcessMonitor(ProcessMonitor-1, stopped daemon 140180627523328)>
[roslaunch][INFO] 2018-02-26 11:54:48,317: ... shutting down processing monitor complete
[roslaunch][INFO] 2018-02-26 11:54:48,317: done
[roslaunch.pmon][INFO] 2018-02-26 11:54:48,318: ProcessMonitor.shutdown <ProcessMonitor(ProcessMonitor-1, stopped daemon 140180627523328)>
[rospy.core][INFO] 2018-02-26 11:54:48,319: signal_shutdown [atexit]
