[roslaunch][INFO] 2018-02-26 11:54:56,096: Checking log directory for disk usage. This may take awhile.
Press Ctrl-C to interrupt
[roslaunch][INFO] 2018-02-26 11:54:56,103: Done checking log file disk usage. Usage is <1GB.
[roslaunch][INFO] 2018-02-26 11:54:56,103: roslaunch starting with args ['/opt/ros/kinetic/bin/roslaunch', 'turtle', 'launch.launch']
[roslaunch][INFO] 2018-02-26 11:54:56,104: roslaunch env is {'ROS_DISTRO': 'kinetic', 'GNOME_DESKTOP_SESSION_ID': 'this-is-deprecated', 'WINDOWPATH': '2', 'XDG_CURRENT_DESKTOP': 'GNOME', 'XDG_SESSION_TYPE': 'x11', 'ROSLISP_PACKAGE_DIRECTORIES': '/home/prawicki/lab1/devel/share/common-lisp', 'QT_IM_MODULE': 'ibus', 'LOGNAME': 'prawicki', 'USER': 'prawicki', 'HOME': '/home/prawicki', 'XDG_VTNR': '2', 'PATH': '/opt/ros/kinetic/bin:/usr/local/sbin:/usr/local/bin:/usr/sbin:/usr/bin:/sbin:/bin:/usr/games:/usr/local/games:/snap/bin', 'CMAKE_PREFIX_PATH': '/home/prawicki/lab1/devel:/opt/ros/kinetic', 'LD_LIBRARY_PATH': '/home/prawicki/lab1/devel/lib:/opt/ros/kinetic/lib:/opt/ros/kinetic/lib/x86_64-linux-gnu', 'SSH_AGENT_PID': '2185', 'LANG': 'pl_PL.UTF-8', 'TERM': 'xterm-256color', 'SHELL': '/bin/bash', 'ROS_LOG_FILENAME': '/home/prawicki/.ros/log/0f8b82ce-1add-11e8-8be1-ecb1d7313af9/roslaunch-tygrys.robotyka.ia.pw.edu.pl-22570.log', 'XAUTHORITY': '/run/user/1237800232/gdm/Xauthority', 'SESSION_MANAGER': 'local/tygrys.robotyka.ia.pw.edu.pl:@/tmp/.ICE-unix/2118,unix/tygrys.robotyka.ia.pw.edu.pl:/tmp/.ICE-unix/2118', 'SHLVL': '1', 'QT_LINUX_ACCESSIBILITY_ALWAYS_ON': '1', 'MANDATORY_PATH': '/usr/share/gconf/gnome.mandatory.path', 'CLUTTER_IM_MODULE': 'xim', 'DISPLAY': ':1', 'QT4_IM_MODULE': 'xim', 'QT_ACCESSIBILITY': '1', 'WINDOWID': '33560438', 'DESKTOP_AUTOSTART_ID': '10758ec6303384c7f151963620018026700000021180001', 'XMODIFIERS': '@im=ibus', 'ROS_ETC_DIR': '/opt/ros/kinetic/etc/ros', 'USERNAME': 'prawicki', 'XDG_SESSION_DESKTOP': 'gnome', 'XDG_RUNTIME_DIR': '/run/user/1237800232', 'PYTHONPATH': '/opt/ros/kinetic/lib/python2.7/dist-packages', 'SSH_AUTH_SOCK': '/run/user/1237800232/keyring/ssh', 'VTE_VERSION': '4205', 'ROS_ROOT': '/opt/ros/kinetic/share/ros', 'GDMSESSION': 'gnome', 'KRB5CCNAME': 'KEYRING:persistent:1237800232', 'PKG_CONFIG_PATH': '/home/prawicki/lab1/devel/lib/pkgconfig:/opt/ros/kinetic/lib/pkgconfig:/opt/ros/kinetic/lib/x86_64-linux-gnu/pkgconfig', 'ROS_PACKAGE_PATH': '/home/prawicki/lab1/src:/opt/ros/kinetic/share', 'XDG_SESSION_ID': '1', 'DBUS_SESSION_BUS_ADDRESS': 'unix:abstract=/tmp/dbus-3CzYeKwDDI,guid=04a217203026da7f46ac294e5a93cee6', '_': '/opt/ros/kinetic/bin/roslaunch', 'DEFAULTS_PATH': '/usr/share/gconf/gnome.default.path', 'GTK_IM_MODULE': 'ibus', 'DESKTOP_SESSION': 'gnome', 'XDG_CONFIG_DIRS': '/etc/xdg/xdg-gnome:/etc/xdg', 'GTK_MODULES': 'gail:atk-bridge', 'OLDPWD': '/home/prawicki', 'XDG_DATA_DIRS': '/usr/share/gnome:/usr/local/share:/usr/share:/var/lib/snapd/desktop:/var/lib/snapd/desktop', 'PWD': '/home/prawicki/lab1', 'ROS_MASTER_URI': 'http://localhost:11311', 'XDG_MENU_PREFIX': 'gnome-', 'XDG_SEAT': 'seat0'}
[roslaunch][INFO] 2018-02-26 11:54:56,104: starting in server mode
[roslaunch.parent][INFO] 2018-02-26 11:54:56,105: starting roslaunch parent run
[roslaunch][INFO] 2018-02-26 11:54:56,106: loading roscore config file /opt/ros/kinetic/etc/ros/roscore.xml
[roslaunch][INFO] 2018-02-26 11:54:56,183: Added core node of type [rosout/rosout] in namespace [/]
[roslaunch.config][INFO] 2018-02-26 11:54:56,184: loading config file /home/prawicki/lab1/src/turtle/launch/launch.launch
[roslaunch][INFO] 2018-02-26 11:54:56,186: Added node of type [turtlesim/turtlesim_node] in namespace [/]
[roslaunch][INFO] 2018-02-26 11:54:56,187: Added node of type [turtle/zolw] in namespace [/]
[roslaunch][INFO] 2018-02-26 11:54:56,187: ... selected machine [] for node of type [turtlesim/turtlesim_node]
[roslaunch][INFO] 2018-02-26 11:54:56,188: ... selected machine [] for node of type [turtle/zolw]
[roslaunch.pmon][INFO] 2018-02-26 11:54:56,189: start_process_monitor: creating ProcessMonitor
[roslaunch.pmon][INFO] 2018-02-26 11:54:56,190: created process monitor <ProcessMonitor(ProcessMonitor-1, initial daemon)>
[roslaunch.pmon][INFO] 2018-02-26 11:54:56,190: start_process_monitor: ProcessMonitor started
[roslaunch.parent][INFO] 2018-02-26 11:54:56,191: starting parent XML-RPC server
[roslaunch.server][INFO] 2018-02-26 11:54:56,191: starting roslaunch XML-RPC server
[roslaunch.server][INFO] 2018-02-26 11:54:56,192: waiting for roslaunch XML-RPC server to initialize
[xmlrpc][INFO] 2018-02-26 11:54:56,192: XML-RPC server binding to 0.0.0.0:0
[xmlrpc][INFO] 2018-02-26 11:54:56,193: Started XML-RPC server [http://tygrys.robotyka.ia.pw.edu.pl:42886/]
[xmlrpc][INFO] 2018-02-26 11:54:56,194: xml rpc node: starting XML-RPC server
[roslaunch][INFO] 2018-02-26 11:54:56,204: started roslaunch server http://tygrys.robotyka.ia.pw.edu.pl:42886/
[roslaunch.parent][INFO] 2018-02-26 11:54:56,205: ... parent XML-RPC server started
[roslaunch][INFO] 2018-02-26 11:54:56,206: master.is_running[http://localhost:11311]
[roslaunch][INFO] 2018-02-26 11:54:56,207: master.is_running[http://localhost:11311]
[roslaunch][INFO] 2018-02-26 11:54:56,209: ROS_MASTER_URI=http://localhost:11311
[roslaunch][INFO] 2018-02-26 11:54:56,210: setting /roslaunch/uris/host_tygrys_robotyka_ia_pw_edu_pl__42886' to http://tygrys.robotyka.ia.pw.edu.pl:42886/
[roslaunch][INFO] 2018-02-26 11:54:56,212: load_parameters starting ...
[roslaunch][INFO] 2018-02-26 11:54:56,215: ... load_parameters complete
[roslaunch][INFO] 2018-02-26 11:54:56,215: launch_nodes: launching local nodes ...
[roslaunch][INFO] 2018-02-26 11:54:56,216: ... preparing to launch node of type [turtlesim/turtlesim_node]
[roslaunch][INFO] 2018-02-26 11:54:56,217: create_node_process: package[turtlesim] type[turtlesim_node] machine[Machine(name[] env_loader[None] address[localhost] ssh_port[22] user[None] assignable[True] timeout[10.0])] master_uri[http://localhost:11311]
[roslaunch][INFO] 2018-02-26 11:54:56,218: process[sim-1]: env[{'WINDOWID': '33560438', 'ROS_DISTRO': 'kinetic', 'GNOME_DESKTOP_SESSION_ID': 'this-is-deprecated', 'XDG_CURRENT_DESKTOP': 'GNOME', 'XDG_SESSION_TYPE': 'x11', 'ROSLISP_PACKAGE_DIRECTORIES': '/home/prawicki/lab1/devel/share/common-lisp', 'QT_IM_MODULE': 'ibus', 'LOGNAME': 'prawicki', 'USER': 'prawicki', 'HOME': '/home/prawicki', 'XDG_VTNR': '2', 'PATH': '/opt/ros/kinetic/bin:/usr/local/sbin:/usr/local/bin:/usr/sbin:/usr/bin:/sbin:/bin:/usr/games:/usr/local/games:/snap/bin', 'CMAKE_PREFIX_PATH': '/home/prawicki/lab1/devel:/opt/ros/kinetic', 'ROS_LOG_FILENAME': '/home/prawicki/.ros/log/0f8b82ce-1add-11e8-8be1-ecb1d7313af9/roslaunch-tygrys.robotyka.ia.pw.edu.pl-22570.log', 'SSH_AGENT_PID': '2185', 'LANG': 'pl_PL.UTF-8', 'TERM': 'xterm-256color', 'SHELL': '/bin/bash', 'XAUTHORITY': '/run/user/1237800232/gdm/Xauthority', 'SESSION_MANAGER': 'local/tygrys.robotyka.ia.pw.edu.pl:@/tmp/.ICE-unix/2118,unix/tygrys.robotyka.ia.pw.edu.pl:/tmp/.ICE-unix/2118', 'SHLVL': '1', 'QT_LINUX_ACCESSIBILITY_ALWAYS_ON': '1', 'MANDATORY_PATH': '/usr/share/gconf/gnome.mandatory.path', 'QT_ACCESSIBILITY': '1', 'LD_LIBRARY_PATH': '/home/prawicki/lab1/devel/lib:/opt/ros/kinetic/lib:/opt/ros/kinetic/lib/x86_64-linux-gnu', 'QT4_IM_MODULE': 'xim', 'CLUTTER_IM_MODULE': 'xim', 'WINDOWPATH': '2', 'DESKTOP_AUTOSTART_ID': '10758ec6303384c7f151963620018026700000021180001', 'XMODIFIERS': '@im=ibus', 'ROS_MASTER_URI': 'http://localhost:11311', 'USERNAME': 'prawicki', 'XDG_SESSION_DESKTOP': 'gnome', 'XDG_RUNTIME_DIR': '/run/user/1237800232', 'PYTHONPATH': '/opt/ros/kinetic/lib/python2.7/dist-packages', 'SSH_AUTH_SOCK': '/run/user/1237800232/keyring/ssh', 'VTE_VERSION': '4205', 'ROS_ROOT': '/opt/ros/kinetic/share/ros', 'GDMSESSION': 'gnome', 'KRB5CCNAME': 'KEYRING:persistent:1237800232', 'PKG_CONFIG_PATH': '/home/prawicki/lab1/devel/lib/pkgconfig:/opt/ros/kinetic/lib/pkgconfig:/opt/ros/kinetic/lib/x86_64-linux-gnu/pkgconfig', 'ROS_PACKAGE_PATH': '/home/prawicki/lab1/src:/opt/ros/kinetic/share', 'XDG_SESSION_ID': '1', 'DBUS_SESSION_BUS_ADDRESS': 'unix:abstract=/tmp/dbus-3CzYeKwDDI,guid=04a217203026da7f46ac294e5a93cee6', '_': '/opt/ros/kinetic/bin/roslaunch', 'GTK_MODULES': 'gail:atk-bridge', 'GTK_IM_MODULE': 'ibus', 'DESKTOP_SESSION': 'gnome', 'DISPLAY': ':1', 'DEFAULTS_PATH': '/usr/share/gconf/gnome.default.path', 'OLDPWD': '/home/prawicki', 'XDG_DATA_DIRS': '/usr/share/gnome:/usr/local/share:/usr/share:/var/lib/snapd/desktop:/var/lib/snapd/desktop', 'PWD': '/home/prawicki/lab1', 'ROS_ETC_DIR': '/opt/ros/kinetic/etc/ros', 'XDG_MENU_PREFIX': 'gnome-', 'XDG_CONFIG_DIRS': '/etc/xdg/xdg-gnome:/etc/xdg', 'XDG_SEAT': 'seat0'}]
[roslaunch][INFO] 2018-02-26 11:54:56,246: process[sim-1]: args[[u'/opt/ros/kinetic/lib/turtlesim/turtlesim_node', u'__name:=sim']]
[roslaunch][INFO] 2018-02-26 11:54:56,247: ... created process [sim-1]
[roslaunch.pmon][INFO] 2018-02-26 11:54:56,247: ProcessMonitor.register[sim-1]
[roslaunch.pmon][INFO] 2018-02-26 11:54:56,248: ProcessMonitor.register[sim-1] complete
[roslaunch][INFO] 2018-02-26 11:54:56,249: ... registered process [sim-1]
[roslaunch][INFO] 2018-02-26 11:54:56,250: process[sim-1]: starting os process
[roslaunch][INFO] 2018-02-26 11:54:56,251: process[sim-1]: start w/ args [[u'/opt/ros/kinetic/lib/turtlesim/turtlesim_node', u'__name:=sim', u'__log:=/home/prawicki/.ros/log/0f8b82ce-1add-11e8-8be1-ecb1d7313af9/sim-1.log']]
[roslaunch][INFO] 2018-02-26 11:54:56,251: process[sim-1]: cwd will be [/home/prawicki/.ros]
[roslaunch][INFO] 2018-02-26 11:54:56,256: process[sim-1]: started with pid [22587]
[roslaunch][INFO] 2018-02-26 11:54:56,256: ... successfully launched [sim-1]
[roslaunch][INFO] 2018-02-26 11:54:56,257: ... preparing to launch node of type [turtle/zolw]
[roslaunch][INFO] 2018-02-26 11:54:56,258: create_node_process: package[turtle] type[zolw] machine[Machine(name[] env_loader[None] address[localhost] ssh_port[22] user[None] assignable[True] timeout[10.0])] master_uri[http://localhost:11311]
[roslaunch][INFO] 2018-02-26 11:54:56,258: process[zolww-2]: env[{'WINDOWID': '33560438', 'ROS_DISTRO': 'kinetic', 'GNOME_DESKTOP_SESSION_ID': 'this-is-deprecated', 'XDG_CURRENT_DESKTOP': 'GNOME', 'XDG_SESSION_TYPE': 'x11', 'ROSLISP_PACKAGE_DIRECTORIES': '/home/prawicki/lab1/devel/share/common-lisp', 'QT_IM_MODULE': 'ibus', 'LOGNAME': 'prawicki', 'USER': 'prawicki', 'HOME': '/home/prawicki', 'XDG_VTNR': '2', 'PATH': '/opt/ros/kinetic/bin:/usr/local/sbin:/usr/local/bin:/usr/sbin:/usr/bin:/sbin:/bin:/usr/games:/usr/local/games:/snap/bin', 'CMAKE_PREFIX_PATH': '/home/prawicki/lab1/devel:/opt/ros/kinetic', 'ROS_LOG_FILENAME': '/home/prawicki/.ros/log/0f8b82ce-1add-11e8-8be1-ecb1d7313af9/roslaunch-tygrys.robotyka.ia.pw.edu.pl-22570.log', 'SSH_AGENT_PID': '2185', 'LANG': 'pl_PL.UTF-8', 'TERM': 'xterm-256color', 'SHELL': '/bin/bash', 'XAUTHORITY': '/run/user/1237800232/gdm/Xauthority', 'SESSION_MANAGER': 'local/tygrys.robotyka.ia.pw.edu.pl:@/tmp/.ICE-unix/2118,unix/tygrys.robotyka.ia.pw.edu.pl:/tmp/.ICE-unix/2118', 'SHLVL': '1', 'QT_LINUX_ACCESSIBILITY_ALWAYS_ON': '1', 'MANDATORY_PATH': '/usr/share/gconf/gnome.mandatory.path', 'QT_ACCESSIBILITY': '1', 'LD_LIBRARY_PATH': '/home/prawicki/lab1/devel/lib:/opt/ros/kinetic/lib:/opt/ros/kinetic/lib/x86_64-linux-gnu', 'QT4_IM_MODULE': 'xim', 'CLUTTER_IM_MODULE': 'xim', 'WINDOWPATH': '2', 'DESKTOP_AUTOSTART_ID': '10758ec6303384c7f151963620018026700000021180001', 'XMODIFIERS': '@im=ibus', 'ROS_MASTER_URI': 'http://localhost:11311', 'USERNAME': 'prawicki', 'XDG_SESSION_DESKTOP': 'gnome', 'XDG_RUNTIME_DIR': '/run/user/1237800232', 'PYTHONPATH': '/opt/ros/kinetic/lib/python2.7/dist-packages', 'SSH_AUTH_SOCK': '/run/user/1237800232/keyring/ssh', 'VTE_VERSION': '4205', 'ROS_ROOT': '/opt/ros/kinetic/share/ros', 'GDMSESSION': 'gnome', 'KRB5CCNAME': 'KEYRING:persistent:1237800232', 'PKG_CONFIG_PATH': '/home/prawicki/lab1/devel/lib/pkgconfig:/opt/ros/kinetic/lib/pkgconfig:/opt/ros/kinetic/lib/x86_64-linux-gnu/pkgconfig', 'ROS_PACKAGE_PATH': '/home/prawicki/lab1/src:/opt/ros/kinetic/share', 'XDG_SESSION_ID': '1', 'DBUS_SESSION_BUS_ADDRESS': 'unix:abstract=/tmp/dbus-3CzYeKwDDI,guid=04a217203026da7f46ac294e5a93cee6', '_': '/opt/ros/kinetic/bin/roslaunch', 'GTK_MODULES': 'gail:atk-bridge', 'GTK_IM_MODULE': 'ibus', 'DESKTOP_SESSION': 'gnome', 'DISPLAY': ':1', 'DEFAULTS_PATH': '/usr/share/gconf/gnome.default.path', 'OLDPWD': '/home/prawicki', 'XDG_DATA_DIRS': '/usr/share/gnome:/usr/local/share:/usr/share:/var/lib/snapd/desktop:/var/lib/snapd/desktop', 'PWD': '/home/prawicki/lab1', 'ROS_ETC_DIR': '/opt/ros/kinetic/etc/ros', 'XDG_MENU_PREFIX': 'gnome-', 'XDG_CONFIG_DIRS': '/etc/xdg/xdg-gnome:/etc/xdg', 'XDG_SEAT': 'seat0'}]
[roslaunch][INFO] 2018-02-26 11:54:56,263: process[zolww-2]: args[[u'/home/prawicki/lab1/devel/lib/turtle/zolw', u'__name:=zolww']]
[roslaunch][INFO] 2018-02-26 11:54:56,263: ... created process [zolww-2]
[roslaunch.pmon][INFO] 2018-02-26 11:54:56,264: ProcessMonitor.register[zolww-2]
[roslaunch.pmon][INFO] 2018-02-26 11:54:56,264: ProcessMonitor.register[zolww-2] complete
[roslaunch][INFO] 2018-02-26 11:54:56,265: ... registered process [zolww-2]
[roslaunch][INFO] 2018-02-26 11:54:56,265: process[zolww-2]: starting os process
[roslaunch][INFO] 2018-02-26 11:54:56,266: process[zolww-2]: start w/ args [[u'/home/prawicki/lab1/devel/lib/turtle/zolw', u'__name:=zolww', u'__log:=/home/prawicki/.ros/log/0f8b82ce-1add-11e8-8be1-ecb1d7313af9/zolww-2.log']]
[roslaunch][INFO] 2018-02-26 11:54:56,267: process[zolww-2]: cwd will be [/home/prawicki/.ros]
[roslaunch][INFO] 2018-02-26 11:54:56,272: process[zolww-2]: started with pid [22589]
[roslaunch][INFO] 2018-02-26 11:54:56,273: ... successfully launched [zolww-2]
[roslaunch][INFO] 2018-02-26 11:54:56,273: ... launch_nodes complete
[roslaunch.pmon][INFO] 2018-02-26 11:54:56,274: registrations completed <ProcessMonitor(ProcessMonitor-1, started daemon 139999544952576)>
[roslaunch.parent][INFO] 2018-02-26 11:54:56,274: ... roslaunch parent running, waiting for process exit
[roslaunch][INFO] 2018-02-26 11:54:56,275: spin
[roslaunch.pmon][INFO] 2018-02-26 11:58:27,753: ProcessMonitor.shutdown <ProcessMonitor(ProcessMonitor-1, started daemon 139999544952576)>
[roslaunch.pmon][INFO] 2018-02-26 11:58:27,814: ProcessMonitor._post_run <ProcessMonitor(ProcessMonitor-1, started daemon 139999544952576)>
[roslaunch.pmon][INFO] 2018-02-26 11:58:27,815: ProcessMonitor._post_run <ProcessMonitor(ProcessMonitor-1, started daemon 139999544952576)>: remaining procs are [<roslaunch.nodeprocess.LocalProcess object at 0x7f542f463810>, <roslaunch.nodeprocess.LocalProcess object at 0x7f542f463410>]
[roslaunch.pmon][INFO] 2018-02-26 11:58:27,817: ProcessMonitor exit: killing zolww-2
[roslaunch.pmon][INFO] 2018-02-26 11:58:27,817: ProcessMonitor exit: killing sim-1
[roslaunch][INFO] 2018-02-26 11:58:27,818: [zolww-2] killing on exit
[roslaunch][INFO] 2018-02-26 11:58:27,820: [sim-1] killing on exit
[roslaunch][INFO] 2018-02-26 11:58:27,821: process[zolww-2]: killing os process with pid[22589] pgid[22589]
[roslaunch][INFO] 2018-02-26 11:58:27,822: process[sim-1]: killing os process with pid[22587] pgid[22587]
[roslaunch][INFO] 2018-02-26 11:58:27,823: [zolww-2] sending SIGINT to pgid [22589]
[roslaunch][INFO] 2018-02-26 11:58:27,823: [sim-1] sending SIGINT to pgid [22587]
[roslaunch][INFO] 2018-02-26 11:58:27,825: [zolww-2] sent SIGINT to pgid [22589]
[roslaunch][INFO] 2018-02-26 11:58:27,828: [sim-1] sent SIGINT to pgid [22587]
[roslaunch][INFO] 2018-02-26 11:58:27,831: process[sim-1]: SIGINT killed with return value -2
[roslaunch][INFO] 2018-02-26 11:58:29,533: process[zolww-2]: SIGINT killed with return value 0
[roslaunch.pmon][INFO] 2018-02-26 11:58:29,534: ProcessMonitor exit: cleaning up data structures and signals
[roslaunch.pmon][INFO] 2018-02-26 11:58:29,535: ProcessMonitor exit: pmon has shutdown
[roslaunch][INFO] 2018-02-26 11:58:29,574: process monitor is done spinning, initiating full shutdown
[roslaunch][INFO] 2018-02-26 11:58:29,575: runner.stop()
[roslaunch][INFO] 2018-02-26 11:58:29,576: shutting down processing monitor...
[roslaunch][INFO] 2018-02-26 11:58:29,577: shutting down processing monitor <ProcessMonitor(ProcessMonitor-1, stopped daemon 139999544952576)>
[roslaunch.pmon][INFO] 2018-02-26 11:58:29,579: ProcessMonitor.shutdown <ProcessMonitor(ProcessMonitor-1, stopped daemon 139999544952576)>
[roslaunch][INFO] 2018-02-26 11:58:29,580: ... shutting down processing monitor complete
[roslaunch][INFO] 2018-02-26 11:58:29,581: done
[roslaunch.pmon][INFO] 2018-02-26 11:58:29,582: ProcessMonitor.shutdown <ProcessMonitor(ProcessMonitor-1, stopped daemon 139999544952576)>
[rospy.core][INFO] 2018-02-26 11:58:29,583: signal_shutdown [atexit]
