Determining if the pthread_create exist failed with the following output:
Change Dir: /media/pablo/linuks2/Ucze_sie/lab2/build/CMakeFiles/CMakeTmp

Run Build Command:"/usr/bin/make" "cmTC_3088f/fast"
/usr/bin/make -f CMakeFiles/cmTC_3088f.dir/build.make CMakeFiles/cmTC_3088f.dir/build
make[1]: Entering directory '/media/pablo/linuks2/Ucze_sie/lab2/build/CMakeFiles/CMakeTmp'
Building C object CMakeFiles/cmTC_3088f.dir/CheckSymbolExists.c.o
/usr/bin/cc     -o CMakeFiles/cmTC_3088f.dir/CheckSymbolExists.c.o   -c /media/pablo/linuks2/Ucze_sie/lab2/build/CMakeFiles/CMakeTmp/CheckSymbolExists.c
Linking C executable cmTC_3088f
/usr/bin/cmake -E cmake_link_script CMakeFiles/cmTC_3088f.dir/link.txt --verbose=1
/usr/bin/cc       CMakeFiles/cmTC_3088f.dir/CheckSymbolExists.c.o  -o cmTC_3088f -rdynamic 
CMakeFiles/cmTC_3088f.dir/CheckSymbolExists.c.o: In function `main':
CheckSymbolExists.c:(.text+0x16): undefined reference to `pthread_create'
collect2: error: ld returned 1 exit status
CMakeFiles/cmTC_3088f.dir/build.make:97: recipe for target 'cmTC_3088f' failed
make[1]: *** [cmTC_3088f] Error 1
make[1]: Leaving directory '/media/pablo/linuks2/Ucze_sie/lab2/build/CMakeFiles/CMakeTmp'
Makefile:126: recipe for target 'cmTC_3088f/fast' failed
make: *** [cmTC_3088f/fast] Error 2

File /media/pablo/linuks2/Ucze_sie/lab2/build/CMakeFiles/CMakeTmp/CheckSymbolExists.c:
/* */
#include <pthread.h>

int main(int argc, char** argv)
{
  (void)argv;
#ifndef pthread_create
  return ((int*)(&pthread_create))[argc];
#else
  (void)argc;
  return 0;
#endif
}

Determining if the function pthread_create exists in the pthreads failed with the following output:
Change Dir: /media/pablo/linuks2/Ucze_sie/lab2/build/CMakeFiles/CMakeTmp

Run Build Command:"/usr/bin/make" "cmTC_b66ec/fast"
/usr/bin/make -f CMakeFiles/cmTC_b66ec.dir/build.make CMakeFiles/cmTC_b66ec.dir/build
make[1]: Entering directory '/media/pablo/linuks2/Ucze_sie/lab2/build/CMakeFiles/CMakeTmp'
Building C object CMakeFiles/cmTC_b66ec.dir/CheckFunctionExists.c.o
/usr/bin/cc    -DCHECK_FUNCTION_EXISTS=pthread_create   -o CMakeFiles/cmTC_b66ec.dir/CheckFunctionExists.c.o   -c /usr/share/cmake-3.5/Modules/CheckFunctionExists.c
Linking C executable cmTC_b66ec
/usr/bin/cmake -E cmake_link_script CMakeFiles/cmTC_b66ec.dir/link.txt --verbose=1
/usr/bin/cc   -DCHECK_FUNCTION_EXISTS=pthread_create    CMakeFiles/cmTC_b66ec.dir/CheckFunctionExists.c.o  -o cmTC_b66ec -rdynamic -lpthreads 
/usr/bin/ld: cannot find -lpthreads
collect2: error: ld returned 1 exit status
CMakeFiles/cmTC_b66ec.dir/build.make:97: recipe for target 'cmTC_b66ec' failed
make[1]: *** [cmTC_b66ec] Error 1
make[1]: Leaving directory '/media/pablo/linuks2/Ucze_sie/lab2/build/CMakeFiles/CMakeTmp'
Makefile:126: recipe for target 'cmTC_b66ec/fast' failed
make: *** [cmTC_b66ec/fast] Error 2


